2022-11-17 11:39:02,258 :INFO : test_HolidayHomes : Clicking on Holiday Homes 
2022-11-17 11:39:02,475 :INFO : test_HolidayHomes : Entering City Names 
2022-11-17 11:39:02,776 :INFO : test_HolidayHomes : Collecting list of cities and selecting Options  
2022-11-17 11:39:03,219 :INFO : test_HolidayHomes : Clicking on Calender and From Date 
2022-11-17 11:39:40,215 :INFO : test_HolidayHomes : Clicking on Holiday Homes 
2022-11-17 11:39:40,552 :INFO : test_HolidayHomes : Entering City Names 
2022-11-17 11:39:40,789 :INFO : test_HolidayHomes : Collecting list of cities and selecting Options  
2022-11-17 11:39:41,138 :INFO : test_HolidayHomes : Clicking on Calender and From Date 
2022-11-17 11:39:49,145 :INFO : test_HolidayHomes : Clicking on Calender and To Date 
2022-11-17 11:39:53,645 :INFO : test_HolidayHomes : Adding Guest 
2022-11-17 11:39:55,541 :INFO : test_HolidayHomes : Applying Guest count 
2022-11-17 11:39:58,487 :INFO : test_HolidayHomes : Displaying Filter 
2022-11-17 11:40:00,330 :INFO : test_HolidayHomes : Selecting Filter 
2022-11-17 11:40:02,831 :INFO : test_HolidayHomes : Closing filter window 
2022-11-17 11:40:04,006 :INFO : test_HolidayHomes : Sorting  
2022-11-17 11:40:05,165 :INFO : test_HolidayHomes : Clicking on Calender and From Date 
2022-11-17 11:40:06,751 :INFO : test_HolidayHomes : Printing  the Hotel Names & Per Night charges 
2022-11-17 11:45:48,569 :INFO : test_HolidayHomes : Clicking on Holiday Homes 
2022-11-17 11:45:48,717 :INFO : test_HolidayHomes : Entering City Names 
2022-11-17 11:45:48,817 :INFO : test_HolidayHomes : Collecting list of cities and selecting Options  
2022-11-17 11:45:48,945 :INFO : test_HolidayHomes : Clicking on Calender and From Date 
2022-11-17 11:46:17,276 :INFO : test_HolidayHomes : Clicking on Holiday Homes 
2022-11-17 11:46:17,463 :INFO : test_HolidayHomes : Entering City Names 
2022-11-17 11:46:17,848 :INFO : test_HolidayHomes : Collecting list of cities and selecting Options  
2022-11-17 11:46:18,561 :INFO : test_HolidayHomes : Clicking on Calender and From Date 
2022-11-17 11:46:27,501 :INFO : test_HolidayHomes : Clicking on Calender and To Date 
2022-11-17 11:46:29,049 :INFO : test_HolidayHomes : Adding Guest 
2022-11-17 11:46:29,494 :INFO : test_HolidayHomes : Applying Guest count 
2022-11-17 11:46:29,630 :INFO : test_HolidayHomes : Displaying Filter 
2022-11-17 11:46:30,144 :INFO : test_HolidayHomes : Selecting Filter 
2022-11-17 11:46:30,481 :INFO : test_HolidayHomes : Closing filter window 
2022-11-17 11:46:30,854 :INFO : test_HolidayHomes : Sorting  
2022-11-17 11:46:31,105 :INFO : test_HolidayHomes : Clicking on Calender and From Date 
2022-11-17 11:46:32,656 :INFO : test_HolidayHomes : Printing  the Hotel Names & Per Night charges 
2022-11-17 12:46:01,517 :INFO : test_HolidayHomes : Clicking on Holiday Homes 
2022-11-17 12:46:02,418 :INFO : test_HolidayHomes : Entering City Names 
2022-11-17 12:46:02,923 :INFO : test_HolidayHomes : Collecting list of cities and selecting Options  
2022-11-17 12:46:03,367 :INFO : test_HolidayHomes : Clicking on Calender and From Date 
2022-11-17 12:48:28,652 :INFO : test_HolidayHomes : Clicking on Holiday Homes 
2022-11-17 12:49:58,607 :INFO : test_HolidayHomes : Clicking on Holiday Homes 
2022-11-17 12:51:35,476 :INFO : test_HolidayHomes : Clicking on Holiday Homes 
2022-11-17 12:53:16,792 :INFO : test_HolidayHomes : Clicking on Holiday Homes 
2022-11-17 12:53:17,392 :INFO : test_HolidayHomes : Entering City Names 
2022-11-17 12:53:17,576 :INFO : test_HolidayHomes : Collecting list of cities and selecting Options  
2022-11-17 12:53:17,885 :INFO : test_HolidayHomes : Clicking on Calender and From Date 
2022-11-17 12:54:33,014 :INFO : test_HolidayHomes : Clicking on Holiday Homes 
2022-11-17 12:54:33,266 :INFO : test_HolidayHomes : Entering City Names 
2022-11-17 12:54:33,501 :INFO : test_HolidayHomes : Collecting list of cities and selecting Options  
2022-11-17 12:54:33,777 :INFO : test_HolidayHomes : Clicking on Calender and From Date 
2022-11-17 12:55:47,368 :INFO : test_HolidayHomes : Clicking on Holiday Homes 
2022-11-17 12:55:47,799 :INFO : test_HolidayHomes : Entering City Names 
2022-11-17 12:55:47,993 :INFO : test_HolidayHomes : Collecting list of cities and selecting Options  
2022-11-17 12:55:48,324 :INFO : test_HolidayHomes : Clicking on Calender and From Date 
2022-11-17 12:56:29,488 :INFO : test_HolidayHomes : Clicking on Holiday Homes 
2022-11-17 12:56:29,734 :INFO : test_HolidayHomes : Entering City Names 
2022-11-17 12:56:30,478 :INFO : test_HolidayHomes : Collecting list of cities and selecting Options  
2022-11-17 12:56:30,798 :INFO : test_HolidayHomes : Clicking on Calender and From Date 
2022-11-17 12:57:12,844 :INFO : test_HolidayHomes : Clicking on Holiday Homes 
2022-11-17 12:57:13,231 :INFO : test_HolidayHomes : Entering City Names 
2022-11-17 12:57:13,467 :INFO : test_HolidayHomes : Collecting list of cities and selecting Options  
2022-11-17 12:57:13,792 :INFO : test_HolidayHomes : Clicking on Calender and From Date 
2022-11-17 12:57:20,259 :INFO : test_HolidayHomes : Clicking on Calender and To Date 
2022-11-17 12:57:21,251 :INFO : test_HolidayHomes : Adding Guest 
2022-11-17 12:59:42,618 :INFO : test_HolidayHomes : Clicking on Holiday Homes 
2022-11-17 12:59:42,780 :INFO : test_HolidayHomes : Entering City Names 
2022-11-17 12:59:43,063 :INFO : test_HolidayHomes : Collecting list of cities and selecting Options  
2022-11-17 12:59:43,835 :INFO : test_HolidayHomes : Clicking on Calender and From Date 
2022-11-17 13:00:13,401 :INFO : test_HolidayHomes : Clicking on Holiday Homes 
2022-11-17 13:00:13,682 :INFO : test_HolidayHomes : Entering City Names 
2022-11-17 13:00:14,407 :INFO : test_HolidayHomes : Collecting list of cities and selecting Options  
2022-11-17 13:00:14,997 :INFO : test_HolidayHomes : Clicking on Calender and From Date 
2022-11-17 13:00:22,113 :INFO : test_HolidayHomes : Clicking on Calender and To Date 
2022-11-17 13:00:26,185 :INFO : test_HolidayHomes : Adding Guest 
2022-11-17 13:01:58,420 :INFO : test_HolidayHomes : Clicking on Holiday Homes 
2022-11-17 13:01:58,900 :INFO : test_HolidayHomes : Entering City Names 
2022-11-17 13:01:59,168 :INFO : test_HolidayHomes : Collecting list of cities and selecting Options  
2022-11-17 13:01:59,449 :INFO : test_HolidayHomes : Clicking on Calender and From Date 
2022-11-17 13:02:05,057 :INFO : test_HolidayHomes : Clicking on Calender and To Date 
2022-11-17 13:02:06,284 :INFO : test_HolidayHomes : Adding Guest 
2022-11-17 13:04:12,325 :INFO : test_HolidayHomes : Clicking on Holiday Homes 
2022-11-17 13:04:12,767 :INFO : test_HolidayHomes : Entering City Names 
2022-11-17 13:04:13,086 :INFO : test_HolidayHomes : Collecting list of cities and selecting Options  
2022-11-17 13:04:13,360 :INFO : test_HolidayHomes : Clicking on Calender and From Date 
2022-11-17 13:04:51,634 :INFO : test_HolidayHomes : Clicking on Holiday Homes 
2022-11-17 13:04:52,135 :INFO : test_HolidayHomes : Entering City Names 
2022-11-17 13:04:52,448 :INFO : test_HolidayHomes : Collecting list of cities and selecting Options  
2022-11-17 13:04:52,715 :INFO : test_HolidayHomes : Clicking on Calender and From Date 
2022-11-17 13:04:58,253 :INFO : test_HolidayHomes : Clicking on Calender and To Date 
2022-11-17 13:05:02,759 :INFO : test_HolidayHomes : Adding Guest 
2022-11-17 13:05:05,607 :INFO : test_HolidayHomes : Applying Guest count 
2022-11-17 13:05:08,356 :INFO : test_HolidayHomes : Displaying Filter 
2022-11-17 13:05:11,013 :INFO : test_HolidayHomes : Selecting Filter 
2022-11-17 13:05:11,528 :INFO : test_HolidayHomes : Closing filter window 
2022-11-17 13:05:11,734 :INFO : test_HolidayHomes : Sorting  
2022-11-17 13:05:11,939 :INFO : test_HolidayHomes : Clicking on Calender and From Date 
2022-11-17 13:05:12,271 :INFO : test_HolidayHomes : Printing  the Hotel Names & Per Night charges 
2022-11-17 14:05:51,997 :INFO : test_HolidayHomes : Clicking on Holiday Homes 
2022-11-17 14:05:52,364 :INFO : test_HolidayHomes : Entering City Names 
2022-11-17 14:05:52,552 :INFO : test_HolidayHomes : Collecting list of cities and selecting Options  
2022-11-17 14:05:52,734 :INFO : test_HolidayHomes : Clicking on Calender and From Date 
2022-11-17 14:05:57,517 :INFO : test_HolidayHomes : Clicking on Calender and To Date 
2022-11-17 14:05:57,962 :INFO : test_HolidayHomes : Adding Guest 
2022-11-17 14:06:00,332 :INFO : test_HolidayHomes : Applying Guest count 
2022-11-17 14:06:01,809 :INFO : test_HolidayHomes : Displaying Filter 
2022-11-17 14:06:02,483 :INFO : test_HolidayHomes : Selecting Filter 
2022-11-17 14:06:02,789 :INFO : test_HolidayHomes : Closing filter window 
2022-11-17 14:06:03,113 :INFO : test_HolidayHomes : Sorting  
2022-11-17 14:06:03,343 :INFO : test_HolidayHomes : Clicking on Calender and From Date 
2022-11-17 14:06:03,694 :INFO : test_HolidayHomes : Printing  the Hotel Names & Per Night charges 
2022-11-17 14:08:19,352 :INFO : test_HolidayHomes : Clicking on Holiday Homes 
2022-11-17 14:08:19,532 :INFO : test_HolidayHomes : Entering City Names 
2022-11-17 14:08:19,665 :INFO : test_HolidayHomes : Collecting list of cities and selecting Options  
2022-11-17 14:08:19,878 :INFO : test_HolidayHomes : Clicking on Calender and From Date 
2022-11-17 14:08:26,872 :INFO : test_HolidayHomes : Clicking on Calender and To Date 
2022-11-17 14:08:30,327 :INFO : test_HolidayHomes : Adding Guest 
2022-11-17 14:08:32,098 :INFO : test_HolidayHomes : Applying Guest count 
2022-11-17 14:08:32,298 :INFO : test_HolidayHomes : Displaying Filter 
2022-11-17 14:08:33,349 :INFO : test_HolidayHomes : Selecting Filter 
2022-11-17 14:08:33,664 :INFO : test_HolidayHomes : Closing filter window 
2022-11-17 14:08:34,019 :INFO : test_HolidayHomes : Sorting  
2022-11-17 14:08:34,223 :INFO : test_HolidayHomes : Clicking on Calender and From Date 
2022-11-17 14:08:34,369 :INFO : test_HolidayHomes : Printing  the Hotel Names & Per Night charges 
2022-11-17 14:16:33,101 :INFO : test_HolidayHomes : Clicking on Holiday Homes 
2022-11-17 14:16:33,256 :INFO : test_HolidayHomes : Entering City Names 
2022-11-17 14:16:33,642 :INFO : test_HolidayHomes : Collecting list of cities and selecting Options  
2022-11-17 14:16:34,083 :INFO : test_HolidayHomes : Clicking on Calender and From Date 
2022-11-17 14:17:15,686 :INFO : test_HolidayHomes : Clicking on Holiday Homes 
2022-11-17 14:17:15,788 :INFO : test_HolidayHomes : Entering City Names 
2022-11-17 14:17:15,983 :INFO : test_HolidayHomes : Collecting list of cities and selecting Options  
2022-11-17 14:17:16,151 :INFO : test_HolidayHomes : Clicking on Calender and From Date 
2022-11-17 14:17:25,204 :INFO : test_HolidayHomes : Clicking on Calender and To Date 
2022-11-17 14:17:25,768 :INFO : test_HolidayHomes : Adding Guest 
2022-11-17 14:17:40,009 :INFO : test_HolidayHomes : Applying Guest count 
2022-11-17 14:17:48,143 :INFO : test_HolidayHomes : Displaying Filter 
2022-11-17 14:17:55,853 :INFO : test_HolidayHomes : Selecting Filter 
2022-11-17 14:18:02,110 :INFO : test_HolidayHomes : Closing filter window 
2022-11-17 14:18:09,131 :INFO : test_HolidayHomes : Sorting  
2022-11-17 14:18:09,358 :INFO : test_HolidayHomes : Clicking on Calender and From Date 
2022-11-17 14:18:21,852 :INFO : test_HolidayHomes : Printing  the Hotel Names & Per Night charges 
2022-11-17 14:58:33,330 :INFO : test_HolidayHomes : Clicking on Holiday Homes 
2022-11-17 14:58:33,503 :INFO : test_HolidayHomes : Entering City Names 
2022-11-17 14:58:33,676 :INFO : test_HolidayHomes : Collecting list of cities and selecting Options  
2022-11-17 14:58:33,909 :INFO : test_HolidayHomes : Clicking on Calender and From Date 
2022-11-17 14:58:39,039 :INFO : test_HolidayHomes : Clicking on Calender and To Date 
2022-11-17 14:58:39,488 :INFO : test_HolidayHomes : Adding Guest 
2022-11-17 14:58:51,379 :INFO : test_HolidayHomes : Applying Guest count 
2022-11-17 14:58:51,746 :INFO : test_HolidayHomes : Displaying Filter 
2022-11-17 14:59:12,947 :INFO : test_HolidayHomes : Selecting Filter 
2022-11-17 14:59:19,700 :INFO : test_HolidayHomes : Closing filter window 
2022-11-17 14:59:21,790 :INFO : test_HolidayHomes : Sorting  
2022-11-17 14:59:27,958 :INFO : test_HolidayHomes : Clicking on Calender and From Date 
2022-11-17 14:59:34,741 :INFO : test_HolidayHomes : Printing  the Hotel Names & Per Night charges 
2022-11-17 18:47:55,206 :INFO : test_HolidayHomes : Clicking on Holiday Homes 
2022-11-17 18:47:55,494 :INFO : test_HolidayHomes : Entering City Names 
2022-11-17 18:47:55,789 :INFO : test_HolidayHomes : Collecting list of cities and selecting Options  
2022-11-17 18:47:56,381 :INFO : test_HolidayHomes : Clicking on Calender and From Date 
2022-11-17 18:48:04,498 :INFO : test_HolidayHomes : Clicking on Calender and To Date 
2022-11-17 18:48:06,225 :INFO : test_HolidayHomes : Adding Guest 
2022-11-17 18:48:07,805 :INFO : test_HolidayHomes : Applying Guest count 
2022-11-17 18:48:08,343 :INFO : test_HolidayHomes : Displaying Filter 
2022-11-17 18:48:08,920 :INFO : test_HolidayHomes : Selecting Filter 
2022-11-17 18:48:09,572 :INFO : test_HolidayHomes : Closing filter window 
2022-11-17 18:48:09,776 :INFO : test_HolidayHomes : Sorting  
2022-11-17 18:48:09,992 :INFO : test_HolidayHomes : Clicking on Calender and From Date 
2022-11-17 18:48:10,279 :INFO : test_HolidayHomes : Printing  the Hotel Names & Per Night charges 
2022-11-17 18:51:08,672 :INFO : test_HolidayHomes : Clicking on Holiday Homes 
2022-11-17 18:51:09,286 :INFO : test_HolidayHomes : Entering City Names 
2022-11-17 18:51:09,582 :INFO : test_HolidayHomes : Collecting list of cities and selecting Options  
2022-11-17 18:51:09,896 :INFO : test_HolidayHomes : Clicking on Calender and From Date 
2022-11-17 18:51:40,140 :INFO : test_HolidayHomes : Clicking on Holiday Homes 
2022-11-17 18:51:40,466 :INFO : test_HolidayHomes : Entering City Names 
2022-11-17 18:51:40,969 :INFO : test_HolidayHomes : Collecting list of cities and selecting Options  
2022-11-17 18:51:48,808 :INFO : test_HolidayHomes : Clicking on Calender and From Date 
2022-11-17 18:52:07,211 :INFO : test_HolidayHomes : Clicking on Holiday Homes 
2022-11-17 18:52:07,452 :INFO : test_HolidayHomes : Entering City Names 
2022-11-17 18:52:07,966 :INFO : test_HolidayHomes : Collecting list of cities and selecting Options  
2022-11-17 18:52:08,798 :INFO : test_HolidayHomes : Clicking on Calender and From Date 
2022-11-17 18:52:19,255 :INFO : test_HolidayHomes : Clicking on Calender and To Date 
2022-11-17 18:52:20,789 :INFO : test_HolidayHomes : Adding Guest 
2022-11-17 18:52:24,176 :INFO : test_HolidayHomes : Applying Guest count 
2022-11-17 18:52:25,879 :INFO : test_HolidayHomes : Displaying Filter 
2022-11-17 18:52:27,229 :INFO : test_HolidayHomes : Selecting Filter 
2022-11-18 11:28:02,184 :INFO : test_HolidayHomes : Clicking on Holiday Homes 
2022-11-18 11:28:02,340 :INFO : test_HolidayHomes : Entering City Names 
2022-11-18 11:28:02,519 :INFO : test_HolidayHomes : Collecting list of cities and selecting Options  
2022-11-18 11:28:02,682 :INFO : test_HolidayHomes : Clicking on Calender and From Date 
2022-11-18 11:28:10,263 :INFO : test_HolidayHomes : Clicking on Calender and To Date 
2022-11-18 11:28:10,807 :INFO : test_HolidayHomes : Adding Guest 
2022-11-18 11:28:14,626 :INFO : test_HolidayHomes : Applying Guest count 
2022-11-18 11:28:16,169 :INFO : test_HolidayHomes : Displaying Filter 
2022-11-18 11:28:18,647 :INFO : test_HolidayHomes : Selecting Filter 
2022-11-18 11:30:24,835 :INFO : test_HolidayHomes : Clicking on Holiday Homes 
2022-11-18 11:30:25,102 :INFO : test_HolidayHomes : Entering City Names 
2022-11-18 11:30:25,384 :INFO : test_HolidayHomes : Collecting list of cities and selecting Options  
2022-11-18 11:30:25,853 :INFO : test_HolidayHomes : Clicking on Calender and From Date 
2022-11-18 11:30:35,924 :INFO : test_HolidayHomes : Clicking on Calender and To Date 
2022-11-18 11:30:39,008 :INFO : test_HolidayHomes : Adding Guest 
2022-11-18 11:30:42,012 :INFO : test_HolidayHomes : Applying Guest count 
2022-11-18 11:30:43,596 :INFO : test_HolidayHomes : Displaying Filter 
2022-11-18 11:30:46,465 :INFO : test_HolidayHomes : Selecting Filter 
2022-11-18 11:30:48,901 :INFO : test_HolidayHomes : Closing filter window 
2022-11-18 11:30:50,176 :INFO : test_HolidayHomes : Sorting  
2022-11-18 11:30:51,300 :INFO : test_HolidayHomes : Clicking on Calender and From Date 
2022-11-18 11:30:52,659 :INFO : test_HolidayHomes : Printing  the Hotel Names & Per Night charges 
2022-11-18 11:35:44,062 :INFO : test_HolidayHomes : Clicking on Holiday Homes 
2022-11-18 11:35:44,276 :INFO : test_HolidayHomes : Entering City Names 
2022-11-18 11:35:44,585 :INFO : test_HolidayHomes : Collecting list of cities and selecting Options  
2022-11-18 11:35:45,031 :INFO : test_HolidayHomes : Clicking on Calender and From Date 
2022-11-18 11:36:04,504 :INFO : test_HolidayHomes : Clicking on Holiday Homes 
2022-11-18 11:36:04,653 :INFO : test_HolidayHomes : Entering City Names 
2022-11-18 11:36:04,950 :INFO : test_HolidayHomes : Collecting list of cities and selecting Options  
2022-11-18 11:36:05,709 :INFO : test_HolidayHomes : Clicking on Calender and From Date 
2022-11-18 11:36:13,801 :INFO : test_HolidayHomes : Clicking on Calender and To Date 
2022-11-18 11:36:16,141 :INFO : test_HolidayHomes : Adding Guest 
2022-11-18 11:36:19,421 :INFO : test_HolidayHomes : Applying Guest count 
2022-11-18 11:36:20,960 :INFO : test_HolidayHomes : Displaying Filter 
2022-11-18 11:36:23,605 :INFO : test_HolidayHomes : Selecting Filter 
2022-11-18 11:38:10,151 :INFO : test_HolidayHomes : Clicking on Holiday Homes 
2022-11-18 11:38:10,410 :INFO : test_HolidayHomes : Entering City Names 
2022-11-18 11:38:11,067 :INFO : test_HolidayHomes : Collecting list of cities and selecting Options  
2022-11-18 11:38:11,358 :INFO : test_HolidayHomes : Clicking on Calender and From Date 
2022-11-18 11:38:29,115 :INFO : test_HolidayHomes : Clicking on Holiday Homes 
2022-11-18 11:38:29,279 :INFO : test_HolidayHomes : Entering City Names 
2022-11-18 11:38:29,499 :INFO : test_HolidayHomes : Collecting list of cities and selecting Options  
2022-11-18 11:38:29,787 :INFO : test_HolidayHomes : Clicking on Calender and From Date 
2022-11-18 11:38:52,247 :INFO : test_HolidayHomes : Clicking on Holiday Homes 
2022-11-18 11:38:52,505 :INFO : test_HolidayHomes : Entering City Names 
2022-11-18 11:38:52,812 :INFO : test_HolidayHomes : Collecting list of cities and selecting Options  
2022-11-18 11:38:53,477 :INFO : test_HolidayHomes : Clicking on Calender and From Date 
2022-11-18 11:39:23,846 :INFO : test_HolidayHomes : Clicking on Holiday Homes 
2022-11-18 11:39:24,107 :INFO : test_HolidayHomes : Entering City Names 
2022-11-18 11:39:24,733 :INFO : test_HolidayHomes : Collecting list of cities and selecting Options  
2022-11-18 11:39:25,224 :INFO : test_HolidayHomes : Clicking on Calender and From Date 
2022-11-18 11:39:32,853 :INFO : test_HolidayHomes : Clicking on Calender and To Date 
2022-11-18 11:39:35,483 :INFO : test_HolidayHomes : Adding Guest 
2022-11-18 11:39:38,458 :INFO : test_HolidayHomes : Applying Guest count 
2022-11-18 11:39:40,164 :INFO : test_HolidayHomes : Displaying Filter 
2022-11-18 11:39:43,009 :INFO : test_HolidayHomes : Selecting Filter 
2022-11-18 11:45:49,517 :INFO : test_HolidayHomes : Clicking on Holiday Homes 
2022-11-18 11:45:49,844 :INFO : test_HolidayHomes : Entering City Names 
2022-11-18 11:45:50,534 :INFO : test_HolidayHomes : Collecting list of cities and selecting Options  
2022-11-18 11:45:51,024 :INFO : test_HolidayHomes : Clicking on Calender and From Date 
2022-11-18 11:46:13,733 :INFO : test_HolidayHomes : Clicking on Holiday Homes 
2022-11-18 11:46:14,130 :INFO : test_HolidayHomes : Entering City Names 
2022-11-18 11:46:14,406 :INFO : test_HolidayHomes : Collecting list of cities and selecting Options  
2022-11-18 11:46:14,946 :INFO : test_HolidayHomes : Clicking on Calender and From Date 
2022-11-18 11:46:23,504 :INFO : test_HolidayHomes : Clicking on Calender and To Date 
2022-11-18 11:46:26,593 :INFO : test_HolidayHomes : Adding Guest 
2022-11-18 11:46:32,187 :INFO : test_HolidayHomes : Applying Guest count 
2022-11-18 11:46:35,865 :INFO : test_HolidayHomes : Displaying Filter 
2022-11-18 11:46:36,480 :INFO : test_HolidayHomes : Selecting Filter 
2022-11-18 11:52:05,009 :INFO : test_HolidayHomes : Clicking on Holiday Homes 
2022-11-18 11:52:05,153 :INFO : test_HolidayHomes : Entering City Names 
2022-11-18 11:52:05,427 :INFO : test_HolidayHomes : Collecting list of cities and selecting Options  
2022-11-18 11:52:06,064 :INFO : test_HolidayHomes : Clicking on Calender and From Date 
2022-11-18 11:52:37,507 :INFO : test_HolidayHomes : Clicking on Holiday Homes 
2022-11-18 11:52:37,897 :INFO : test_HolidayHomes : Entering City Names 
2022-11-18 11:52:38,429 :INFO : test_HolidayHomes : Collecting list of cities and selecting Options  
2022-11-18 11:52:39,101 :INFO : test_HolidayHomes : Clicking on Calender and From Date 
2022-11-18 11:54:36,851 :INFO : test_HolidayHomes : Clicking on Holiday Homes 
2022-11-18 11:54:36,949 :INFO : test_HolidayHomes : Entering City Names 
2022-11-18 11:54:37,068 :INFO : test_HolidayHomes : Collecting list of cities and selecting Options  
2022-11-18 11:54:37,384 :INFO : test_HolidayHomes : Clicking on Calender and From Date 
2022-11-18 11:55:09,482 :INFO : test_HolidayHomes : Clicking on Holiday Homes 
2022-11-18 11:55:09,720 :INFO : test_HolidayHomes : Entering City Names 
2022-11-18 11:55:10,013 :INFO : test_HolidayHomes : Collecting list of cities and selecting Options  
2022-11-18 11:55:15,732 :INFO : test_HolidayHomes : Clicking on Calender and From Date 
2022-11-18 11:55:17,673 :INFO : test_HolidayHomes : Clicking on Calender and To Date 
2022-11-18 11:55:20,313 :INFO : test_HolidayHomes : Adding Guest 
2022-11-18 11:55:23,028 :INFO : test_HolidayHomes : Applying Guest count 
2022-11-18 11:55:24,730 :INFO : test_HolidayHomes : Displaying Filter 
2022-11-18 11:55:28,412 :INFO : test_HolidayHomes : Selecting Filter 
2022-11-18 11:55:32,328 :INFO : test_HolidayHomes : Closing filter window 
2022-11-18 11:55:32,800 :INFO : test_HolidayHomes : Sorting  
2022-11-18 11:55:34,276 :INFO : test_HolidayHomes : Clicking on Calender and From Date 
2022-11-18 11:55:35,928 :INFO : test_HolidayHomes : Printing  the Hotel Names & Per Night charges 
2022-11-18 12:10:57,161 :INFO : test_HolidayHomes : Clicking on Holiday Homes 
2022-11-18 12:10:57,368 :INFO : test_HolidayHomes : Entering City Names 
2022-11-18 12:11:39,623 :INFO : test_HolidayHomes : Clicking on Holiday Homes 
2022-11-18 12:11:39,729 :INFO : test_HolidayHomes : Entering City Names 
2022-11-18 12:12:00,966 :INFO : test_HolidayHomes : Clicking on Holiday Homes 
2022-11-18 12:12:01,140 :INFO : test_HolidayHomes : Entering City Names 
2022-11-18 12:12:01,586 :INFO : test_HolidayHomes : Collecting list of cities and selecting Options  
2022-11-18 12:12:01,949 :INFO : test_HolidayHomes : Clicking on Calender and From Date 
2022-11-18 12:14:19,376 :INFO : test_HolidayHomes : Clicking on Holiday Homes 
2022-11-18 12:14:19,546 :INFO : test_HolidayHomes : Entering City Names 
2022-11-18 12:14:30,003 :INFO : test_HolidayHomes : Collecting list of cities and selecting Options  
2022-11-18 12:14:33,140 :INFO : test_HolidayHomes : Clicking on Calender and From Date 
2022-11-18 12:21:57,688 :INFO : test_HolidayHomes : Clicking on Holiday Homes 
2022-11-18 12:21:57,898 :INFO : test_HolidayHomes : Entering City Names 
2022-11-18 12:22:26,510 :INFO : test_HolidayHomes : Clicking on Holiday Homes 
2022-11-18 12:22:26,626 :INFO : test_HolidayHomes : Entering City Names 
2022-11-18 14:18:18,940 :INFO : test_HolidayHomes : Clicking on Holiday Homes 
2022-11-18 14:18:19,195 :INFO : test_HolidayHomes : Entering City Names 
2022-11-18 14:18:19,389 :INFO : test_HolidayHomes : Collecting list of cities and selecting Options  
2022-11-18 14:18:19,655 :INFO : test_HolidayHomes : Clicking on Calender and From Date 
2022-11-18 14:18:55,074 :INFO : test_HolidayHomes : Clicking on Holiday Homes 
2022-11-18 14:18:55,150 :INFO : test_HolidayHomes : Entering City Names 
2022-11-18 14:18:55,255 :INFO : test_HolidayHomes : Collecting list of cities and selecting Options  
2022-11-18 14:18:55,489 :INFO : test_HolidayHomes : Clicking on Calender and From Date 
2022-11-18 14:19:28,440 :INFO : test_HolidayHomes : Clicking on Calender and To Date 
2022-11-18 14:19:29,110 :INFO : test_HolidayHomes : Adding Guest 
2022-11-18 14:19:30,936 :INFO : test_HolidayHomes : Applying Guest count 
2022-11-18 14:19:31,189 :INFO : test_HolidayHomes : Displaying Filter 
2022-11-18 14:19:32,613 :INFO : test_HolidayHomes : Selecting Filter 
2022-11-18 14:19:33,895 :INFO : test_HolidayHomes : Closing filter window 
2022-11-18 14:19:35,242 :INFO : test_HolidayHomes : Sorting  
2022-11-18 14:19:36,954 :INFO : test_HolidayHomes : Clicking on Calender and From Date 
2022-11-18 14:19:38,160 :INFO : test_HolidayHomes : Printing  the Hotel Names & Per Night charges 
2022-11-18 14:28:00,226 :INFO : test_HolidayHomes : Clicking on Holiday Homes 
2022-11-18 14:28:00,366 :INFO : test_HolidayHomes : Entering City Names 
2022-11-18 14:28:00,570 :INFO : test_HolidayHomes : Collecting list of cities and selecting Options  
2022-11-18 14:28:00,753 :INFO : test_HolidayHomes : Clicking on Calender and From Date 
2022-11-18 14:28:06,038 :INFO : test_HolidayHomes : Clicking on Calender and To Date 
2022-11-18 14:28:09,189 :INFO : test_HolidayHomes : Adding Guest 
2022-11-18 14:28:12,486 :INFO : test_HolidayHomes : Applying Guest count 
2022-11-18 14:28:14,217 :INFO : test_HolidayHomes : Displaying Filter 
2022-11-18 14:28:17,155 :INFO : test_HolidayHomes : Selecting Filter 
2022-11-18 14:28:18,718 :INFO : test_HolidayHomes : Closing filter window 
2022-11-18 14:28:19,522 :INFO : test_HolidayHomes : Sorting  
2022-11-18 14:28:19,819 :INFO : test_HolidayHomes : Clicking on Calender and From Date 
2022-11-18 14:28:20,740 :INFO : test_HolidayHomes : Printing  the Hotel Names & Per Night charges 
2022-11-18 14:29:45,657 :INFO : test_HolidayHomes : Clicking on Holiday Homes 
2022-11-18 14:29:45,846 :INFO : test_HolidayHomes : Entering City Names 
2022-11-18 14:29:46,204 :INFO : test_HolidayHomes : Collecting list of cities and selecting Options  
2022-11-18 14:29:46,523 :INFO : test_HolidayHomes : Clicking on Calender and From Date 
2022-11-18 14:29:54,437 :INFO : test_HolidayHomes : Clicking on Calender and To Date 
2022-11-18 14:29:59,779 :INFO : test_HolidayHomes : Adding Guest 
2022-11-18 14:30:00,401 :INFO : test_HolidayHomes : Applying Guest count 
2022-11-18 14:30:02,278 :INFO : test_HolidayHomes : Displaying Filter 
2022-11-18 14:30:05,667 :INFO : test_HolidayHomes : Selecting Filter 
2022-11-18 14:30:10,162 :INFO : test_HolidayHomes : Closing filter window 
2022-11-18 14:30:11,770 :INFO : test_HolidayHomes : Sorting  
2022-11-18 14:30:13,471 :INFO : test_HolidayHomes : Clicking on Calender and From Date 
2022-11-18 14:30:15,585 :INFO : test_HolidayHomes : Printing  the Hotel Names & Per Night charges 
2022-11-18 14:32:51,850 :INFO : test_HolidayHomes : Clicking on Holiday Homes 
2022-11-18 14:32:52,455 :INFO : test_HolidayHomes : Entering City Names 
2022-11-18 14:32:53,018 :INFO : test_HolidayHomes : Collecting list of cities and selecting Options  
2022-11-18 14:32:53,816 :INFO : test_HolidayHomes : Clicking on Calender and From Date 
2022-11-18 14:34:57,724 :INFO : test_HolidayHomes : Clicking on Holiday Homes 
2022-11-18 14:34:58,405 :INFO : test_HolidayHomes : Entering City Names 
2022-11-18 14:34:59,196 :INFO : test_HolidayHomes : Collecting list of cities and selecting Options  
2022-11-18 14:34:59,517 :INFO : test_HolidayHomes : Clicking on Calender and From Date 
2022-11-18 14:35:17,308 :INFO : test_HolidayHomes : Clicking on Calender and To Date 
2022-11-18 14:35:20,491 :INFO : test_HolidayHomes : Adding Guest 
2022-11-18 14:35:21,216 :INFO : test_HolidayHomes : Applying Guest count 
2022-11-18 14:35:21,910 :INFO : test_HolidayHomes : Displaying Filter 
2022-11-18 14:35:22,770 :INFO : test_HolidayHomes : Selecting Filter 
2022-11-18 14:35:23,254 :INFO : test_HolidayHomes : Closing filter window 
2022-11-18 14:35:24,410 :INFO : test_HolidayHomes : Sorting  
2022-11-18 14:35:26,804 :INFO : test_HolidayHomes : Clicking on Calender and From Date 
2022-11-18 14:35:27,930 :INFO : test_HolidayHomes : Printing  the Hotel Names & Per Night charges 
2022-11-18 15:05:42,659 :INFO : test_HolidayHomes : Clicking on Holiday Homes 
2022-11-18 15:05:42,825 :INFO : test_HolidayHomes : Entering City Names 
2022-11-18 15:05:48,041 :INFO : test_HolidayHomes : Collecting list of cities and selecting Options  
2022-11-18 15:05:52,430 :INFO : test_HolidayHomes : Clicking on Calender and From Date 
2022-11-18 15:09:40,354 :INFO : test_HolidayHomes : Clicking on Holiday Homes 
2022-11-18 15:09:40,549 :INFO : test_HolidayHomes : Entering City Names 
2022-11-18 15:09:40,759 :INFO : test_HolidayHomes : Collecting list of cities and selecting Options  
2022-11-18 15:09:41,108 :INFO : test_HolidayHomes : Clicking on Calender and From Date 
2022-11-18 15:10:10,911 :INFO : test_HolidayHomes : Clicking on Holiday Homes 
2022-11-18 15:10:11,060 :INFO : test_HolidayHomes : Entering City Names 
2022-11-18 15:10:11,276 :INFO : test_HolidayHomes : Collecting list of cities and selecting Options  
2022-11-18 15:10:11,639 :INFO : test_HolidayHomes : Clicking on Calender and From Date 
2022-11-18 15:10:20,106 :INFO : test_HolidayHomes : Clicking on Calender and To Date 
2022-11-18 15:10:22,337 :INFO : test_HolidayHomes : Adding Guest 
2022-11-18 15:10:25,160 :INFO : test_HolidayHomes : Applying Guest count 
2022-11-18 15:10:26,764 :INFO : test_HolidayHomes : Displaying Filter 
2022-11-18 15:10:29,273 :INFO : test_HolidayHomes : Selecting Filter 
2022-11-18 15:10:30,648 :INFO : test_HolidayHomes : Closing filter window 
2022-11-18 15:10:32,993 :INFO : test_HolidayHomes : Sorting  
2022-11-18 15:10:34,108 :INFO : test_HolidayHomes : Clicking on Calender and From Date 
2022-11-18 15:10:34,340 :INFO : test_HolidayHomes : Printing  the Hotel Names & Per Night charges 
2022-11-18 15:11:17,586 :INFO : test_HolidayHomes : Clicking on Holiday Homes 
2022-11-18 15:11:17,785 :INFO : test_HolidayHomes : Entering City Names 
2022-11-18 15:11:18,123 :INFO : test_HolidayHomes : Collecting list of cities and selecting Options  
2022-11-18 15:11:18,503 :INFO : test_HolidayHomes : Clicking on Calender and From Date 
2022-11-18 15:11:46,722 :INFO : test_HolidayHomes : Clicking on Holiday Homes 
2022-11-18 15:11:46,955 :INFO : test_HolidayHomes : Entering City Names 
2022-11-18 15:11:47,378 :INFO : test_HolidayHomes : Collecting list of cities and selecting Options  
2022-11-18 15:11:53,874 :INFO : test_HolidayHomes : Clicking on Calender and From Date 
2022-11-18 15:11:59,108 :INFO : test_HolidayHomes : Clicking on Calender and To Date 
2022-11-18 15:12:00,804 :INFO : test_HolidayHomes : Adding Guest 
2022-11-18 15:12:16,248 :INFO : test_HolidayHomes : Applying Guest count 
2022-11-18 15:12:17,092 :INFO : test_HolidayHomes : Displaying Filter 
2022-11-18 15:12:17,792 :INFO : test_HolidayHomes : Selecting Filter 
2022-11-18 15:12:18,050 :INFO : test_HolidayHomes : Closing filter window 
2022-11-18 15:12:19,047 :INFO : test_HolidayHomes : Sorting  
2022-11-18 15:12:21,998 :INFO : test_HolidayHomes : Clicking on Calender and From Date 
2022-11-18 15:12:22,761 :INFO : test_HolidayHomes : Printing  the Hotel Names & Per Night charges 
2022-11-18 15:20:25,469 :INFO : test_HolidayHomes : Clicking on Holiday Homes 
2022-11-18 15:20:25,653 :INFO : test_HolidayHomes : Entering City Names 
2022-11-18 15:20:26,264 :INFO : test_HolidayHomes : Collecting list of cities and selecting Options  
2022-11-18 15:20:26,541 :INFO : test_HolidayHomes : Clicking on Calender and From Date 
2022-11-18 15:21:19,004 :INFO : test_HolidayHomes : Clicking on Holiday Homes 
2022-11-18 15:21:19,233 :INFO : test_HolidayHomes : Entering City Names 
2022-11-18 15:21:19,628 :INFO : test_HolidayHomes : Collecting list of cities and selecting Options  
2022-11-18 15:21:25,526 :INFO : test_HolidayHomes : Clicking on Calender and From Date 
2022-11-18 15:21:30,848 :INFO : test_HolidayHomes : Clicking on Calender and To Date 
2022-11-18 15:21:31,394 :INFO : test_HolidayHomes : Adding Guest 
2022-11-18 15:21:39,843 :INFO : test_HolidayHomes : Applying Guest count 
2022-11-18 15:21:47,469 :INFO : test_HolidayHomes : Displaying Filter 
2022-11-18 15:21:55,666 :INFO : test_HolidayHomes : Selecting Filter 
2022-11-18 15:22:09,856 :INFO : test_HolidayHomes : Closing filter window 
2022-11-18 15:22:10,627 :INFO : test_HolidayHomes : Sorting  
2022-11-18 15:22:17,965 :INFO : test_HolidayHomes : Clicking on Calender and From Date 
2022-11-18 15:22:25,022 :INFO : test_HolidayHomes : Printing  the Hotel Names & Per Night charges 
2022-11-18 15:23:29,175 :INFO : test_HolidayHomes : Clicking on Holiday Homes 
2022-11-18 15:23:29,380 :INFO : test_HolidayHomes : Entering City Names 
2022-11-18 15:23:29,973 :INFO : test_HolidayHomes : Collecting list of cities and selecting Options  
2022-11-18 15:23:30,346 :INFO : test_HolidayHomes : Clicking on Calender and From Date 
2022-11-18 15:23:40,583 :INFO : test_HolidayHomes : Clicking on Calender and To Date 
2022-11-18 15:23:41,606 :INFO : test_HolidayHomes : Adding Guest 
2022-11-18 15:23:48,566 :INFO : test_HolidayHomes : Applying Guest count 
2022-11-18 15:23:49,029 :INFO : test_HolidayHomes : Displaying Filter 
2022-11-18 15:24:03,191 :INFO : test_HolidayHomes : Selecting Filter 
2022-11-18 15:24:15,316 :INFO : test_HolidayHomes : Closing filter window 
2022-11-18 15:24:16,325 :INFO : test_HolidayHomes : Sorting  
2022-11-18 15:24:22,452 :INFO : test_HolidayHomes : Clicking on Calender and From Date 
2022-11-18 15:24:28,584 :INFO : test_HolidayHomes : Printing  the Hotel Names & Per Night charges 
2022-11-18 18:02:17,959 :INFO : test_HolidayHomes : Clicking on Holiday Homes 
2022-11-18 18:02:18,282 :INFO : test_HolidayHomes : Entering City Names 
2022-11-18 18:02:18,585 :INFO : test_HolidayHomes : Collecting list of cities and selecting Options  
2022-11-18 18:02:18,882 :INFO : test_HolidayHomes : Clicking on Calender and From Date 
2022-11-18 18:02:28,878 :INFO : test_HolidayHomes : Clicking on Calender and To Date 
2022-11-18 18:02:30,789 :INFO : test_HolidayHomes : Adding Guest 
2022-11-18 18:02:34,564 :INFO : test_HolidayHomes : Applying Guest count 
2022-11-18 18:02:36,908 :INFO : test_HolidayHomes : Displaying Filter 
2022-11-18 18:02:40,248 :INFO : test_HolidayHomes : Selecting Filter 
2022-11-18 18:03:15,135 :INFO : test_HolidayHomes : Clicking on Holiday Homes 
2022-11-18 18:03:15,329 :INFO : test_HolidayHomes : Entering City Names 
2022-11-18 18:03:15,626 :INFO : test_HolidayHomes : Collecting list of cities and selecting Options  
2022-11-18 18:03:16,058 :INFO : test_HolidayHomes : Clicking on Calender and From Date 
2022-11-18 18:03:24,910 :INFO : test_HolidayHomes : Clicking on Calender and To Date 
2022-11-18 18:03:28,887 :INFO : test_HolidayHomes : Adding Guest 
2022-11-18 18:03:32,547 :INFO : test_HolidayHomes : Applying Guest count 
2022-11-18 18:03:34,736 :INFO : test_HolidayHomes : Displaying Filter 
2022-11-18 18:03:37,898 :INFO : test_HolidayHomes : Selecting Filter 
2022-11-18 18:03:40,895 :INFO : test_HolidayHomes : Closing filter window 
2022-11-18 18:03:42,249 :INFO : test_HolidayHomes : Sorting  
2022-11-18 18:03:43,711 :INFO : test_HolidayHomes : Clicking on Calender and From Date 
2022-11-18 18:03:45,354 :INFO : test_HolidayHomes : Printing  the Hotel Names & Per Night charges 
2022-11-20 12:36:35,907 :INFO : test_HolidayHomes : Clicking on Holiday Homes 
2022-11-20 12:36:36,129 :INFO : test_HolidayHomes : Entering City Names 
2022-11-20 12:36:37,056 :INFO : test_HolidayHomes : Collecting list of cities and selecting Options  
2022-11-20 12:36:37,323 :INFO : test_HolidayHomes : Clicking on Calender and From Date 
2022-11-20 12:37:03,487 :INFO : test_HolidayHomes : Clicking on Holiday Homes 
2022-11-20 12:37:03,572 :INFO : test_HolidayHomes : Entering City Names 
2022-11-20 12:37:03,790 :INFO : test_HolidayHomes : Collecting list of cities and selecting Options  
2022-11-20 12:37:03,940 :INFO : test_HolidayHomes : Clicking on Calender and From Date 
2022-11-20 12:37:12,058 :INFO : test_HolidayHomes : Clicking on Calender and To Date 
2022-11-20 12:37:14,225 :INFO : test_HolidayHomes : Adding Guest 
2022-11-20 12:37:21,903 :INFO : test_HolidayHomes : Applying Guest count 
2022-11-20 12:37:36,130 :INFO : test_HolidayHomes : Displaying Filter 
2022-11-20 12:37:36,668 :INFO : test_HolidayHomes : Selecting Filter 
2022-11-20 12:37:43,409 :INFO : test_HolidayHomes : Closing filter window 
2022-11-20 12:37:49,968 :INFO : test_HolidayHomes : Sorting  
2022-11-20 12:37:56,043 :INFO : test_HolidayHomes : Clicking on Calender and From Date 
2022-11-20 12:38:02,770 :INFO : test_HolidayHomes : Printing  the Hotel Names & Per Night charges 
2022-11-21 11:24:07,794 :INFO : test_HolidayHomes : Clicking on Holiday Homes 
2022-11-21 11:24:07,968 :INFO : test_HolidayHomes : Entering City Names 
2022-11-21 11:24:08,443 :INFO : test_HolidayHomes : Collecting list of cities and selecting Options  
2022-11-21 11:24:09,214 :INFO : test_HolidayHomes : Clicking on Calender and From Date 
2022-11-21 11:24:20,904 :INFO : test_HolidayHomes : Clicking on Calender and To Date 
2022-11-21 11:24:37,025 :INFO : test_HolidayHomes : Adding Guest 
2022-11-21 11:24:37,593 :INFO : test_HolidayHomes : Applying Guest count 
2022-11-21 11:24:46,077 :INFO : test_HolidayHomes : Displaying Filter 
2022-11-21 11:24:54,220 :INFO : test_HolidayHomes : Selecting Filter 
2022-11-21 11:25:07,900 :INFO : test_HolidayHomes : Closing filter window 
2022-11-21 11:25:08,392 :INFO : test_HolidayHomes : Sorting  
2022-11-21 11:25:14,537 :INFO : test_HolidayHomes : Clicking on Calender and From Date 
2022-11-21 11:25:21,079 :INFO : test_HolidayHomes : Printing  the Hotel Names & Per Night charges 
2022-11-21 12:06:36,648 :INFO : test_HolidayHomes : Clicking on Holiday Homes 
2022-11-21 12:06:37,232 :INFO : test_HolidayHomes : Entering City Names 
2022-11-21 12:06:37,800 :INFO : test_HolidayHomes : Collecting list of cities and selecting Options  
2022-11-21 12:06:45,361 :INFO : test_HolidayHomes : Clicking on Calender and From Date 
2022-11-21 12:07:49,997 :INFO : test_HolidayHomes : Clicking on Holiday Homes 
2022-11-21 12:07:50,303 :INFO : test_HolidayHomes : Entering City Names 
2022-11-21 12:07:50,627 :INFO : test_HolidayHomes : Collecting list of cities and selecting Options  
2022-11-21 12:07:56,567 :INFO : test_HolidayHomes : Clicking on Calender and From Date 
2022-11-21 12:08:00,373 :INFO : test_HolidayHomes : Clicking on Calender and To Date 
2022-11-21 12:08:03,290 :INFO : test_HolidayHomes : Adding Guest 
2022-11-21 12:08:05,439 :INFO : test_HolidayHomes : Applying Guest count 
2022-11-21 12:08:09,240 :INFO : test_HolidayHomes : Displaying Filter 
2022-11-21 12:08:11,882 :INFO : test_HolidayHomes : Selecting Filter 
2022-11-21 12:08:12,861 :INFO : test_HolidayHomes : Closing filter window 
2022-11-21 12:08:19,878 :INFO : test_HolidayHomes : Sorting  
2022-11-21 12:08:20,121 :INFO : test_HolidayHomes : Clicking on Calender and From Date 
2022-11-21 12:08:22,292 :INFO : test_HolidayHomes : Printing  the Hotel Names & Per Night charges 
2022-11-21 12:17:04,221 :INFO : test_HolidayHomes : Clicking on Holiday Homes 
2022-11-21 12:17:04,512 :INFO : test_HolidayHomes : Entering City Names 
2022-11-21 12:17:05,258 :INFO : test_HolidayHomes : Collecting list of cities and selecting Options  
2022-11-21 12:17:05,811 :INFO : test_HolidayHomes : Clicking on Calender and From Date 
2022-11-21 12:17:43,970 :INFO : test_HolidayHomes : Clicking on Holiday Homes 
2022-11-21 12:17:44,228 :INFO : test_HolidayHomes : Entering City Names 
2022-11-21 12:17:45,026 :INFO : test_HolidayHomes : Collecting list of cities and selecting Options  
2022-11-21 12:17:45,410 :INFO : test_HolidayHomes : Clicking on Calender and From Date 
2022-11-21 12:17:57,423 :INFO : test_HolidayHomes : Clicking on Calender and To Date 
2022-11-21 12:17:59,370 :INFO : test_HolidayHomes : Adding Guest 
2022-11-21 12:18:03,506 :INFO : test_HolidayHomes : Applying Guest count 
2022-11-21 12:18:08,622 :INFO : test_HolidayHomes : Displaying Filter 
2022-11-21 12:18:09,280 :INFO : test_HolidayHomes : Selecting Filter 
2022-11-21 12:18:12,129 :INFO : test_HolidayHomes : Closing filter window 
2022-11-21 12:18:13,872 :INFO : test_HolidayHomes : Sorting  
2022-11-21 12:18:15,206 :INFO : test_HolidayHomes : Clicking on Calender and From Date 
2022-11-21 12:18:17,002 :INFO : test_HolidayHomes : Printing  the Hotel Names & Per Night charges 
2022-11-21 14:25:36,660 :INFO : test_HolidayHomes : Clicking on Holiday Homes 
2022-11-21 14:25:36,905 :INFO : test_HolidayHomes : Entering City Names 
2022-11-21 14:25:37,254 :INFO : test_HolidayHomes : Collecting list of cities and selecting Options  
2022-11-21 14:25:43,582 :INFO : test_HolidayHomes : Clicking on Calender and From Date 
2022-11-21 14:25:45,104 :INFO : test_HolidayHomes : Clicking on Calender and To Date 
2022-11-21 14:25:46,516 :INFO : test_HolidayHomes : Adding Guest 
2022-11-21 14:25:49,744 :INFO : test_HolidayHomes : Applying Guest count 
2022-11-21 14:25:51,430 :INFO : test_HolidayHomes : Displaying Filter 
2022-11-21 14:25:53,195 :INFO : test_HolidayHomes : Selecting Filter 
2022-11-21 14:25:55,442 :INFO : test_HolidayHomes : Closing filter window 
2022-11-21 14:26:00,857 :INFO : test_HolidayHomes : Sorting  
2022-11-21 14:26:02,180 :INFO : test_HolidayHomes : Clicking on Calender and From Date 
2022-11-21 14:26:04,126 :INFO : test_HolidayHomes : Printing  the Hotel Names & Per Night charges 
2022-11-21 14:33:37,445 :INFO : test_HolidayHomes : Clicking on Holiday Homes 
2022-11-21 14:33:37,881 :INFO : test_HolidayHomes : Entering City Names 
2022-11-21 14:33:38,268 :INFO : test_HolidayHomes : Collecting list of cities and selecting Options  
2022-11-21 14:33:38,602 :INFO : test_HolidayHomes : Clicking on Calender and From Date 
2022-11-21 14:33:48,215 :INFO : test_HolidayHomes : Clicking on Calender and To Date 
2022-11-21 14:33:50,641 :INFO : test_HolidayHomes : Adding Guest 
2022-11-21 14:33:53,701 :INFO : test_HolidayHomes : Applying Guest count 
2022-11-21 14:33:58,310 :INFO : test_HolidayHomes : Displaying Filter 
2022-11-21 14:34:01,507 :INFO : test_HolidayHomes : Selecting Filter 
2022-11-21 14:34:03,102 :INFO : test_HolidayHomes : Closing filter window 
2022-11-21 14:34:05,747 :INFO : test_HolidayHomes : Sorting  
2022-11-21 14:34:07,083 :INFO : test_HolidayHomes : Clicking on Calender and From Date 
2022-11-21 14:34:08,641 :INFO : test_HolidayHomes : Printing  the Hotel Names & Per Night charges 
2022-11-21 14:52:15,115 :INFO : test_HolidayHomes : Clicking on Holiday Homes 
2022-11-21 14:52:15,483 :INFO : test_HolidayHomes : Entering City Names 
2022-11-21 14:52:15,782 :INFO : test_HolidayHomes : Collecting list of cities and selecting Options  
2022-11-21 14:52:22,281 :INFO : test_HolidayHomes : Clicking on Calender and From Date 
2022-11-21 14:52:24,349 :INFO : test_HolidayHomes : Clicking on Calender and To Date 
2022-11-21 14:52:27,327 :INFO : test_HolidayHomes : Adding Guest 
2022-11-21 14:52:30,543 :INFO : test_HolidayHomes : Applying Guest count 
2022-11-21 14:52:35,029 :INFO : test_HolidayHomes : Displaying Filter 
2022-11-21 14:52:35,851 :INFO : test_HolidayHomes : Selecting Filter 
2022-11-21 14:52:39,174 :INFO : test_HolidayHomes : Closing filter window 
2022-11-21 14:52:40,289 :INFO : test_HolidayHomes : Sorting  
2022-11-21 14:52:41,706 :INFO : test_HolidayHomes : Clicking on Calender and From Date 
2022-11-21 14:52:43,466 :INFO : test_HolidayHomes : Printing  the Hotel Names & Per Night charges 
2022-11-21 15:10:39,855 :INFO : test_HolidayHomes : Clicking on Holiday Homes 
2022-11-21 15:10:40,078 :INFO : test_HolidayHomes : Entering City Names 
2022-11-21 15:10:40,352 :INFO : test_HolidayHomes : Collecting list of cities and selecting Options  
2022-11-21 15:10:40,917 :INFO : test_HolidayHomes : Clicking on Calender and From Date 
2022-11-21 15:11:22,485 :INFO : test_HolidayHomes : Clicking on Holiday Homes 
2022-11-21 15:11:22,734 :INFO : test_HolidayHomes : Entering City Names 
2022-11-21 15:11:23,035 :INFO : test_HolidayHomes : Collecting list of cities and selecting Options  
2022-11-21 15:11:23,672 :INFO : test_HolidayHomes : Clicking on Calender and From Date 
2022-11-21 15:11:53,811 :INFO : test_HolidayHomes : Clicking on Holiday Homes 
2022-11-21 15:11:54,040 :INFO : test_HolidayHomes : Entering City Names 
2022-11-21 15:11:54,326 :INFO : test_HolidayHomes : Collecting list of cities and selecting Options  
2022-11-21 15:11:54,943 :INFO : test_HolidayHomes : Clicking on Calender and From Date 
2022-11-21 15:12:31,620 :INFO : test_HolidayHomes : Clicking on Calender and To Date 
2022-11-21 15:12:36,283 :INFO : test_HolidayHomes : Adding Guest 
2022-11-21 15:12:36,661 :INFO : test_HolidayHomes : Applying Guest count 
2022-11-21 15:12:41,105 :INFO : test_HolidayHomes : Displaying Filter 
2022-11-21 15:12:41,916 :INFO : test_HolidayHomes : Selecting Filter 
2022-11-21 15:12:44,468 :INFO : test_HolidayHomes : Closing filter window 
2022-11-21 15:12:45,849 :INFO : test_HolidayHomes : Sorting  
2022-11-21 15:12:47,072 :INFO : test_HolidayHomes : Clicking on Calender and From Date 
2022-11-21 15:12:48,653 :INFO : test_HolidayHomes : Printing  the Hotel Names & Per Night charges 
2022-11-21 16:03:53,423 :INFO : test_HolidayHomes : Clicking on Holiday Homes 
2022-11-21 16:03:53,504 :INFO : test_HolidayHomes : Entering City Names 
2022-11-21 16:03:53,618 :INFO : test_HolidayHomes : Collecting list of cities and selecting Options  
2022-11-21 16:03:53,785 :INFO : test_HolidayHomes : Clicking on Calender and From Date 
2022-11-21 17:44:51,723 :INFO : test_HolidayHomes : Clicking on Holiday Homes 
2022-11-21 17:44:52,073 :INFO : test_HolidayHomes : Entering City Names 
2022-11-21 17:44:53,030 :INFO : test_HolidayHomes : Collecting list of cities and selecting Options  
2022-11-21 17:44:53,379 :INFO : test_HolidayHomes : Clicking on Calender and From Date 
2022-11-21 17:47:04,143 :INFO : test_HolidayHomes : Clicking on Holiday Homes 
2022-11-21 17:47:04,482 :INFO : test_HolidayHomes : Entering City Names 
2022-11-21 17:47:04,948 :INFO : test_HolidayHomes : Collecting list of cities and selecting Options  
2022-11-21 17:47:05,488 :INFO : test_HolidayHomes : Clicking on Calender and From Date 
2022-11-21 17:47:40,449 :INFO : test_HolidayHomes : Clicking on Holiday Homes 
2022-11-21 17:47:40,640 :INFO : test_HolidayHomes : Entering City Names 
2022-11-21 17:47:40,956 :INFO : test_HolidayHomes : Collecting list of cities and selecting Options  
2022-11-21 17:47:41,415 :INFO : test_HolidayHomes : Clicking on Calender and From Date 
2022-11-21 17:48:09,617 :INFO : test_HolidayHomes : Clicking on Calender and To Date 
2022-11-21 17:48:10,580 :INFO : test_HolidayHomes : Adding Guest 
2022-11-21 17:48:13,368 :INFO : test_HolidayHomes : Applying Guest count 
2022-11-21 17:48:16,967 :INFO : test_HolidayHomes : Displaying Filter 
2022-11-21 17:48:17,520 :INFO : test_HolidayHomes : Selecting Filter 
2022-11-21 17:48:20,046 :INFO : test_HolidayHomes : Closing filter window 
2022-11-21 17:48:23,560 :INFO : test_HolidayHomes : Sorting  
2022-11-21 17:48:24,789 :INFO : test_HolidayHomes : Clicking on Calender and From Date 
2022-11-21 17:48:26,601 :INFO : test_HolidayHomes : Printing  the Hotel Names & Per Night charges 
2022-11-21 17:48:59,794 :INFO : test_HolidayHomes : Clicking on Holiday Homes 
2022-11-21 17:49:00,001 :INFO : test_HolidayHomes : Entering City Names 
2022-11-21 17:49:00,321 :INFO : test_HolidayHomes : Collecting list of cities and selecting Options  
2022-11-21 17:49:00,400 :INFO : test_HolidayHomes : Clicking on Calender and From Date 
2022-11-21 17:50:08,269 :INFO : test_HolidayHomes : Clicking on Holiday Homes 
2022-11-21 17:50:08,461 :INFO : test_HolidayHomes : Entering City Names 
2022-11-21 17:50:08,855 :INFO : test_HolidayHomes : Collecting list of cities and selecting Options  
2022-11-21 17:50:08,962 :INFO : test_HolidayHomes : Clicking on Calender and From Date 
2022-11-21 17:53:47,844 :INFO : test_HolidayHomes : Clicking on Holiday Homes 
2022-11-21 17:53:48,047 :INFO : test_HolidayHomes : Entering City Names 
2022-11-21 17:53:48,319 :INFO : test_HolidayHomes : Collecting list of cities and selecting Options  
2022-11-21 17:53:48,697 :INFO : test_HolidayHomes : Clicking on Calender and From Date 
2022-11-21 17:54:06,017 :INFO : test_HolidayHomes : Clicking on Calender and To Date 
2022-11-21 17:54:06,989 :INFO : test_HolidayHomes : Adding Guest 
2022-11-21 17:54:10,001 :INFO : test_HolidayHomes : Applying Guest count 
2022-11-21 17:54:12,525 :INFO : test_HolidayHomes : Displaying Filter 
2022-11-21 17:54:14,202 :INFO : test_HolidayHomes : Selecting Filter 
2022-11-21 17:54:16,879 :INFO : test_HolidayHomes : Closing filter window 
2022-11-21 17:54:17,346 :INFO : test_HolidayHomes : Sorting  
2022-11-21 17:54:19,207 :INFO : test_HolidayHomes : Clicking on Calender and From Date 
2022-11-21 17:54:20,799 :INFO : test_HolidayHomes : Printing  the Hotel Names & Per Night charges 
2022-11-21 17:54:56,725 :INFO : test_HolidayHomes : Clicking on Holiday Homes 
2022-11-21 17:54:56,842 :INFO : test_HolidayHomes : Entering City Names 
2022-11-21 17:54:56,979 :INFO : test_HolidayHomes : Collecting list of cities and selecting Options  
2022-11-21 17:54:57,179 :INFO : test_HolidayHomes : Clicking on Calender and From Date 
2022-11-21 17:55:53,202 :INFO : test_HolidayHomes : Clicking on Holiday Homes 
2022-11-21 17:55:53,453 :INFO : test_HolidayHomes : Entering City Names 
2022-11-21 17:55:53,879 :INFO : test_HolidayHomes : Collecting list of cities and selecting Options  
2022-11-21 17:55:53,977 :INFO : test_HolidayHomes : Clicking on Calender and From Date 
2022-11-21 17:56:32,344 :INFO : test_HolidayHomes : Clicking on Calender and To Date 
2022-11-21 17:56:35,447 :INFO : test_HolidayHomes : Adding Guest 
2022-11-21 17:56:37,036 :INFO : test_HolidayHomes : Applying Guest count 
2022-11-21 17:57:07,218 :INFO : test_HolidayHomes : Clicking on Holiday Homes 
2022-11-21 17:57:07,652 :INFO : test_HolidayHomes : Entering City Names 
2022-11-21 17:57:08,352 :INFO : test_HolidayHomes : Collecting list of cities and selecting Options  
2022-11-21 17:57:08,460 :INFO : test_HolidayHomes : Clicking on Calender and From Date 
2022-11-21 17:59:48,199 :INFO : test_HolidayHomes : Clicking on Holiday Homes 
2022-11-21 17:59:48,379 :INFO : test_HolidayHomes : Entering City Names 
2022-11-21 17:59:49,912 :INFO : test_HolidayHomes : Collecting list of cities and selecting Options  
2022-11-21 17:59:50,079 :INFO : test_HolidayHomes : Clicking on Calender and From Date 
2022-11-21 18:09:23,791 :INFO : test_HolidayHomes : Clicking on Holiday Homes 
2022-11-21 18:09:24,004 :INFO : test_HolidayHomes : Entering City Names 
2022-11-21 18:09:24,541 :INFO : test_HolidayHomes : Collecting list of cities and selecting Options  
2022-11-21 18:09:25,205 :INFO : test_HolidayHomes : Clicking on Calender and From Date 
2022-11-21 18:09:33,929 :INFO : test_HolidayHomes : Clicking on Calender and To Date 
2022-11-21 18:09:36,141 :INFO : test_HolidayHomes : Adding Guest 
2022-11-21 18:09:39,320 :INFO : test_HolidayHomes : Applying Guest count 
2022-11-21 18:09:43,517 :INFO : test_HolidayHomes : Displaying Filter 
2022-11-21 18:09:44,247 :INFO : test_HolidayHomes : Selecting Filter 
2022-11-21 18:09:47,506 :INFO : test_HolidayHomes : Closing filter window 
2022-11-21 18:09:48,097 :INFO : test_HolidayHomes : Sorting  
2022-11-21 18:09:49,574 :INFO : test_HolidayHomes : Clicking on Calender and From Date 
2022-11-21 18:09:51,360 :INFO : test_HolidayHomes : Printing  the Hotel Names & Per Night charges 
2022-11-21 18:13:40,418 :INFO : test_HolidayHomes : Clicking on Holiday Homes 
2022-11-21 18:13:40,652 :INFO : test_HolidayHomes : Entering City Names 
2022-11-21 18:13:40,991 :INFO : test_HolidayHomes : Collecting list of cities and selecting Options  
2022-11-21 18:13:56,562 :INFO : test_HolidayHomes : Clicking on Calender and From Date 
2022-11-21 18:14:31,625 :INFO : test_HolidayHomes : Clicking on Holiday Homes 
2022-11-21 18:14:31,881 :INFO : test_HolidayHomes : Entering City Names 
2022-11-21 18:14:32,231 :INFO : test_HolidayHomes : Collecting list of cities and selecting Options  
2022-11-21 18:14:32,550 :INFO : test_HolidayHomes : Clicking on Calender and From Date 
2022-11-21 18:14:44,003 :INFO : test_HolidayHomes : Clicking on Calender and To Date 
2022-11-21 18:14:47,349 :INFO : test_HolidayHomes : Adding Guest 
2022-11-21 18:14:51,637 :INFO : test_HolidayHomes : Applying Guest count 
2022-11-21 18:14:55,514 :INFO : test_HolidayHomes : Displaying Filter 
2022-11-21 18:14:56,150 :INFO : test_HolidayHomes : Selecting Filter 
2022-11-21 18:15:00,020 :INFO : test_HolidayHomes : Closing filter window 
2022-11-21 18:15:00,522 :INFO : test_HolidayHomes : Sorting  
2022-11-21 18:15:01,746 :INFO : test_HolidayHomes : Clicking on Calender and From Date 
2022-11-21 18:15:03,146 :INFO : test_HolidayHomes : Printing  the Hotel Names & Per Night charges 
2022-11-21 18:17:20,237 :INFO : test_HolidayHomes : Clicking on Holiday Homes 
2022-11-21 18:17:20,415 :INFO : test_HolidayHomes : Entering City Names 
2022-11-21 18:17:20,771 :INFO : test_HolidayHomes : Collecting list of cities and selecting Options  
2022-11-21 18:17:21,176 :INFO : test_HolidayHomes : Clicking on Calender and From Date 
2022-11-21 18:28:02,995 :INFO : test_HolidayHomes : Clicking on Holiday Homes 
2022-11-21 18:28:03,346 :INFO : test_HolidayHomes : Entering City Names 
2022-11-21 18:28:03,847 :INFO : test_HolidayHomes : Collecting list of cities and selecting Options  
2022-11-21 18:28:04,196 :INFO : test_HolidayHomes : Clicking on Calender and From Date 
2022-11-21 21:40:40,008 :INFO : test_HolidayHomes : Clicking on Holiday Homes 
2022-11-21 21:40:40,208 :INFO : test_HolidayHomes : Entering City Names 
2022-11-21 21:40:40,436 :INFO : test_HolidayHomes : Collecting list of cities and selecting Options  
2022-11-21 21:40:40,759 :INFO : test_HolidayHomes : Clicking on Calender and From Date 
2022-11-21 21:41:11,515 :INFO : test_HolidayHomes : Clicking on Calender and To Date 
2022-11-21 21:46:01,517 :INFO : test_HolidayHomes : Clicking on Holiday Homes 
2022-11-21 21:46:01,862 :INFO : test_HolidayHomes : Entering City Names 
2022-11-21 21:46:02,198 :INFO : test_HolidayHomes : Collecting list of cities and selecting Options  
2022-11-21 21:46:02,973 :INFO : test_HolidayHomes : Clicking on Calender and From Date 
2022-11-21 21:46:22,280 :INFO : test_HolidayHomes : Clicking on Calender and To Date 
2022-11-21 21:46:23,130 :INFO : test_HolidayHomes : Adding Guest 
2022-11-21 21:48:37,326 :INFO : test_HolidayHomes : Clicking on Holiday Homes 
2022-11-21 21:48:37,427 :INFO : test_HolidayHomes : Entering City Names 
2022-11-21 21:48:37,626 :INFO : test_HolidayHomes : Collecting list of cities and selecting Options  
2022-11-21 21:48:37,861 :INFO : test_HolidayHomes : Clicking on Calender and From Date 
2022-11-21 21:49:08,403 :INFO : test_HolidayHomes : Clicking on Holiday Homes 
2022-11-21 21:49:08,632 :INFO : test_HolidayHomes : Entering City Names 
2022-11-21 21:49:08,903 :INFO : test_HolidayHomes : Collecting list of cities and selecting Options  
2022-11-21 21:49:09,613 :INFO : test_HolidayHomes : Clicking on Calender and From Date 
2022-11-21 21:49:25,878 :INFO : test_HolidayHomes : Clicking on Calender and To Date 
2022-11-21 21:49:27,758 :INFO : test_HolidayHomes : Adding Guest 
2022-11-21 21:56:10,248 :INFO : test_HolidayHomes : Clicking on Holiday Homes 
2022-11-21 21:56:10,421 :INFO : test_HolidayHomes : Entering City Names 
2022-11-21 21:56:10,631 :INFO : test_HolidayHomes : Collecting list of cities and selecting Options  
2022-11-21 21:56:10,929 :INFO : test_HolidayHomes : Clicking on Calender and From Date 
2022-11-21 21:56:19,589 :INFO : test_HolidayHomes : Clicking on Calender and To Date 
2022-11-21 21:56:23,785 :INFO : test_HolidayHomes : Adding Guest 
2022-11-21 21:57:58,624 :INFO : test_HolidayHomes : Clicking on Holiday Homes 
2022-11-21 21:57:58,931 :INFO : test_HolidayHomes : Entering City Names 
2022-11-21 21:57:59,260 :INFO : test_HolidayHomes : Collecting list of cities and selecting Options  
2022-11-21 21:57:59,939 :INFO : test_HolidayHomes : Clicking on Calender and From Date 
2022-11-21 21:58:09,309 :INFO : test_HolidayHomes : Clicking on Calender and To Date 
2022-11-21 21:58:11,372 :INFO : test_HolidayHomes : Adding Guest 
2022-11-21 22:04:21,319 :INFO : test_HolidayHomes : Clicking on Holiday Homes 
2022-11-21 22:04:21,586 :INFO : test_HolidayHomes : Entering City Names 
2022-11-21 22:04:21,953 :INFO : test_HolidayHomes : Collecting list of cities and selecting Options  
2022-11-21 22:04:22,300 :INFO : test_HolidayHomes : Clicking on Calender and From Date 
2022-11-21 22:13:16,089 :INFO : test_HolidayHomes : Clicking on Holiday Homes 
2022-11-21 22:13:16,291 :INFO : test_HolidayHomes : Entering City Names 
2022-11-21 22:13:16,619 :INFO : test_HolidayHomes : Collecting list of cities and selecting Options  
2022-11-21 22:13:17,078 :INFO : test_HolidayHomes : Clicking on Calender and From Date 
2022-11-21 22:13:55,203 :INFO : test_HolidayHomes : Clicking on Holiday Homes 
2022-11-21 22:13:55,324 :INFO : test_HolidayHomes : Entering City Names 
2022-11-21 22:13:55,516 :INFO : test_HolidayHomes : Collecting list of cities and selecting Options  
2022-11-21 22:13:55,795 :INFO : test_HolidayHomes : Clicking on Calender and From Date 
2022-11-21 22:14:11,721 :INFO : test_HolidayHomes : Clicking on Calender and To Date 
2022-11-21 22:14:13,589 :INFO : test_HolidayHomes : Adding Guest 
2022-11-21 22:14:18,034 :INFO : test_HolidayHomes : Applying Guest count 
2022-11-21 22:18:45,007 :INFO : test_HolidayHomes : Clicking on Holiday Homes 
2022-11-21 22:18:45,304 :INFO : test_HolidayHomes : Entering City Names 
2022-11-21 22:18:45,598 :INFO : test_HolidayHomes : Collecting list of cities and selecting Options  
2022-11-21 22:18:45,944 :INFO : test_HolidayHomes : Clicking on Calender and From Date 
2022-11-21 22:19:08,436 :INFO : test_HolidayHomes : Clicking on Holiday Homes 
2022-11-21 22:19:08,659 :INFO : test_HolidayHomes : Entering City Names 
2022-11-21 22:19:09,034 :INFO : test_HolidayHomes : Collecting list of cities and selecting Options  
2022-11-21 22:19:24,221 :INFO : test_HolidayHomes : Clicking on Calender and From Date 
2022-11-21 22:19:26,040 :INFO : test_HolidayHomes : Clicking on Calender and To Date 
2022-11-21 22:19:28,235 :INFO : test_HolidayHomes : Adding Guest 
2022-11-21 22:19:32,467 :INFO : test_HolidayHomes : Applying Guest count 
2022-11-21 22:29:30,910 :INFO : test_HolidayHomes : Clicking on Holiday Homes 
2022-11-21 22:29:30,981 :INFO : test_HolidayHomes : Entering City Names 
2022-11-21 22:29:31,103 :INFO : test_HolidayHomes : Collecting list of cities and selecting Options  
2022-11-21 22:29:31,220 :INFO : test_HolidayHomes : Clicking on Calender and From Date 
2022-11-21 22:29:59,352 :INFO : test_HolidayHomes : Clicking on Holiday Homes 
2022-11-21 22:29:59,533 :INFO : test_HolidayHomes : Entering City Names 
2022-11-21 22:29:59,819 :INFO : test_HolidayHomes : Collecting list of cities and selecting Options  
2022-11-21 22:30:00,574 :INFO : test_HolidayHomes : Clicking on Calender and From Date 
2022-11-21 22:30:31,201 :INFO : test_HolidayHomes : Clicking on Holiday Homes 
2022-11-21 22:30:31,342 :INFO : test_HolidayHomes : Entering City Names 
2022-11-21 22:30:31,569 :INFO : test_HolidayHomes : Collecting list of cities and selecting Options  
2022-11-21 22:30:31,959 :INFO : test_HolidayHomes : Clicking on Calender and From Date 
2022-11-21 22:31:05,124 :INFO : test_HolidayHomes : Clicking on Holiday Homes 
2022-11-21 22:31:05,292 :INFO : test_HolidayHomes : Entering City Names 
2022-11-21 22:31:05,582 :INFO : test_HolidayHomes : Collecting list of cities and selecting Options  
2022-11-21 22:31:05,874 :INFO : test_HolidayHomes : Clicking on Calender and From Date 
2022-11-21 22:31:39,065 :INFO : test_HolidayHomes : Clicking on Holiday Homes 
2022-11-21 22:31:39,284 :INFO : test_HolidayHomes : Entering City Names 
2022-11-21 22:31:39,738 :INFO : test_HolidayHomes : Collecting list of cities and selecting Options  
2022-11-21 22:31:40,209 :INFO : test_HolidayHomes : Clicking on Calender and From Date 
2022-11-21 22:31:57,240 :INFO : test_HolidayHomes : Clicking on Calender and To Date 
2022-11-21 22:31:59,426 :INFO : test_HolidayHomes : Adding Guest 
2022-11-21 22:32:02,613 :INFO : test_HolidayHomes : Applying Guest count 
2022-11-21 22:36:23,978 :INFO : test_HolidayHomes : Clicking on Holiday Homes 
2022-11-21 22:36:24,078 :INFO : test_HolidayHomes : Entering City Names 
2022-11-21 22:36:24,271 :INFO : test_HolidayHomes : Collecting list of cities and selecting Options  
2022-11-21 22:36:24,399 :INFO : test_HolidayHomes : Clicking on Calender and From Date 
2022-11-21 22:36:48,196 :INFO : test_HolidayHomes : Clicking on Holiday Homes 
2022-11-21 22:36:48,393 :INFO : test_HolidayHomes : Entering City Names 
2022-11-21 22:36:48,690 :INFO : test_HolidayHomes : Collecting list of cities and selecting Options  
2022-11-21 22:36:49,316 :INFO : test_HolidayHomes : Clicking on Calender and From Date 
2022-11-21 22:36:59,140 :INFO : test_HolidayHomes : Clicking on Calender and To Date 
2022-11-21 22:37:02,106 :INFO : test_HolidayHomes : Adding Guest 
2022-11-21 22:37:06,068 :INFO : test_HolidayHomes : Applying Guest count 
2022-11-21 22:41:21,875 :INFO : test_HolidayHomes : Clicking on Holiday Homes 
2022-11-21 22:41:22,371 :INFO : test_HolidayHomes : Entering City Names 
2022-11-21 22:41:22,688 :INFO : test_HolidayHomes : Collecting list of cities and selecting Options  
2022-11-21 22:41:23,101 :INFO : test_HolidayHomes : Clicking on Calender and From Date 
2022-11-21 22:41:50,184 :INFO : test_HolidayHomes : Clicking on Holiday Homes 
2022-11-21 22:41:50,433 :INFO : test_HolidayHomes : Entering City Names 
2022-11-21 22:41:50,661 :INFO : test_HolidayHomes : Collecting list of cities and selecting Options  
2022-11-21 22:41:51,028 :INFO : test_HolidayHomes : Clicking on Calender and From Date 
2022-11-21 22:42:01,050 :INFO : test_HolidayHomes : Clicking on Calender and To Date 
2022-11-21 22:42:02,805 :INFO : test_HolidayHomes : Adding Guest 
2022-11-21 22:42:07,694 :INFO : test_HolidayHomes : Applying Guest count 
2022-11-21 22:45:04,152 :INFO : test_HolidayHomes : Clicking on Holiday Homes 
2022-11-21 22:45:04,346 :INFO : test_HolidayHomes : Entering City Names 
2022-11-21 22:45:04,689 :INFO : test_HolidayHomes : Collecting list of cities and selecting Options  
2022-11-21 22:45:05,138 :INFO : test_HolidayHomes : Clicking on Calender and From Date 
2022-11-21 22:45:14,074 :INFO : test_HolidayHomes : Clicking on Calender and To Date 
2022-11-21 22:45:18,181 :INFO : test_HolidayHomes : Adding Guest 
2022-11-21 22:45:21,317 :INFO : test_HolidayHomes : Applying Guest count 
2022-11-21 22:49:21,340 :INFO : test_HolidayHomes : Clicking on Holiday Homes 
2022-11-21 22:49:21,571 :INFO : test_HolidayHomes : Entering City Names 
2022-11-21 22:49:22,151 :INFO : test_HolidayHomes : Collecting list of cities and selecting Options  
2022-11-21 22:49:22,443 :INFO : test_HolidayHomes : Clicking on Calender and From Date 
2022-11-21 22:49:50,278 :INFO : test_HolidayHomes : Clicking on Holiday Homes 
2022-11-21 22:49:50,441 :INFO : test_HolidayHomes : Entering City Names 
2022-11-21 22:49:50,763 :INFO : test_HolidayHomes : Collecting list of cities and selecting Options  
2022-11-21 22:49:51,037 :INFO : test_HolidayHomes : Clicking on Calender and From Date 
2022-11-21 22:51:28,440 :INFO : test_HolidayHomes : Clicking on Holiday Homes 
2022-11-21 22:51:28,597 :INFO : test_HolidayHomes : Entering City Names 
2022-11-21 22:51:28,953 :INFO : test_HolidayHomes : Collecting list of cities and selecting Options  
2022-11-21 22:51:29,308 :INFO : test_HolidayHomes : Clicking on Calender and From Date 
2022-11-21 22:51:45,530 :INFO : test_HolidayHomes : Clicking on Calender and To Date 
2022-11-21 22:51:47,399 :INFO : test_HolidayHomes : Adding Guest 
2022-11-21 22:51:51,037 :INFO : test_HolidayHomes : Applying Guest count 
2022-11-21 22:53:57,138 :INFO : test_HolidayHomes : Clicking on Holiday Homes 
2022-11-21 22:53:57,376 :INFO : test_HolidayHomes : Entering City Names 
2022-11-21 22:53:57,629 :INFO : test_HolidayHomes : Collecting list of cities and selecting Options  
2022-11-21 22:53:58,084 :INFO : test_HolidayHomes : Clicking on Calender and From Date 
2022-11-21 22:54:13,184 :INFO : test_HolidayHomes : Clicking on Calender and To Date 
2022-11-21 22:54:15,080 :INFO : test_HolidayHomes : Adding Guest 
2022-11-21 22:54:19,624 :INFO : test_HolidayHomes : Applying Guest count 
2022-11-21 22:54:48,881 :INFO : test_HolidayHomes : Clicking on Holiday Homes 
2022-11-21 22:54:49,085 :INFO : test_HolidayHomes : Entering City Names 
2022-11-21 22:54:49,338 :INFO : test_HolidayHomes : Collecting list of cities and selecting Options  
2022-11-21 22:54:56,548 :INFO : test_HolidayHomes : Clicking on Calender and From Date 
2022-11-21 22:55:41,663 :INFO : test_HolidayHomes : Clicking on Holiday Homes 
2022-11-21 22:55:41,888 :INFO : test_HolidayHomes : Entering City Names 
2022-11-21 22:55:42,511 :INFO : test_HolidayHomes : Collecting list of cities and selecting Options  
2022-11-21 22:55:42,948 :INFO : test_HolidayHomes : Clicking on Calender and From Date 
2022-11-21 22:57:25,584 :INFO : test_HolidayHomes : Clicking on Holiday Homes 
2022-11-21 22:57:25,831 :INFO : test_HolidayHomes : Entering City Names 
2022-11-21 22:57:26,451 :INFO : test_HolidayHomes : Collecting list of cities and selecting Options  
2022-11-21 22:57:26,775 :INFO : test_HolidayHomes : Clicking on Calender and From Date 
2022-11-21 22:57:41,529 :INFO : test_HolidayHomes : Clicking on Calender and To Date 
2022-11-21 22:59:19,342 :INFO : test_HolidayHomes : Clicking on Holiday Homes 
2022-11-21 22:59:19,845 :INFO : test_HolidayHomes : Entering City Names 
2022-11-21 22:59:20,077 :INFO : test_HolidayHomes : Collecting list of cities and selecting Options  
2022-11-21 22:59:20,330 :INFO : test_HolidayHomes : Clicking on Calender and From Date 
2022-11-21 22:59:28,294 :INFO : test_HolidayHomes : Clicking on Calender and To Date 
2022-11-21 22:59:31,845 :INFO : test_HolidayHomes : Adding Guest 
2022-11-21 22:59:32,255 :INFO : test_HolidayHomes : Applying Guest count 
2022-11-21 23:00:23,516 :INFO : test_HolidayHomes : Clicking on Holiday Homes 
2022-11-21 23:00:23,749 :INFO : test_HolidayHomes : Entering City Names 
2022-11-21 23:00:24,103 :INFO : test_HolidayHomes : Collecting list of cities and selecting Options  
2022-11-21 23:00:24,514 :INFO : test_HolidayHomes : Clicking on Calender and From Date 
2022-11-21 23:00:40,547 :INFO : test_HolidayHomes : Clicking on Calender and To Date 
2022-11-21 23:00:41,110 :INFO : test_HolidayHomes : Adding Guest 
2022-11-21 23:00:43,960 :INFO : test_HolidayHomes : Applying Guest count 
2022-11-21 23:01:14,408 :INFO : test_HolidayHomes : Clicking on Holiday Homes 
2022-11-21 23:01:14,586 :INFO : test_HolidayHomes : Entering City Names 
2022-11-21 23:01:14,847 :INFO : test_HolidayHomes : Collecting list of cities and selecting Options  
2022-11-21 23:01:15,429 :INFO : test_HolidayHomes : Clicking on Calender and From Date 
2022-11-21 23:02:00,208 :INFO : test_HolidayHomes : Clicking on Holiday Homes 
2022-11-21 23:02:00,394 :INFO : test_HolidayHomes : Entering City Names 
2022-11-21 23:02:00,661 :INFO : test_HolidayHomes : Collecting list of cities and selecting Options  
2022-11-21 23:02:01,220 :INFO : test_HolidayHomes : Clicking on Calender and From Date 
2022-11-21 23:02:29,029 :INFO : test_HolidayHomes : Clicking on Holiday Homes 
2022-11-21 23:02:29,216 :INFO : test_HolidayHomes : Entering City Names 
2022-11-21 23:02:29,460 :INFO : test_HolidayHomes : Collecting list of cities and selecting Options  
2022-11-21 23:02:30,044 :INFO : test_HolidayHomes : Clicking on Calender and From Date 
2022-11-21 23:02:53,800 :INFO : test_HolidayHomes : Clicking on Holiday Homes 
2022-11-21 23:02:53,973 :INFO : test_HolidayHomes : Entering City Names 
2022-11-21 23:02:54,255 :INFO : test_HolidayHomes : Collecting list of cities and selecting Options  
2022-11-21 23:02:54,501 :INFO : test_HolidayHomes : Clicking on Calender and From Date 
2022-11-21 23:03:20,552 :INFO : test_HolidayHomes : Clicking on Holiday Homes 
2022-11-21 23:03:20,803 :INFO : test_HolidayHomes : Entering City Names 
2022-11-21 23:03:21,348 :INFO : test_HolidayHomes : Collecting list of cities and selecting Options  
2022-11-21 23:03:21,619 :INFO : test_HolidayHomes : Clicking on Calender and From Date 
2022-11-21 23:03:29,157 :INFO : test_HolidayHomes : Clicking on Calender and To Date 
2022-11-21 23:03:34,163 :INFO : test_HolidayHomes : Adding Guest 
2022-11-21 23:03:34,463 :INFO : test_HolidayHomes : Applying Guest count 
2022-11-21 23:03:38,454 :INFO : test_HolidayHomes : Displaying Filter 
2022-11-21 23:03:39,131 :INFO : test_HolidayHomes : Selecting Filter 
2022-11-21 23:03:41,609 :INFO : test_HolidayHomes : Closing filter window 
2022-11-21 23:03:42,968 :INFO : test_HolidayHomes : Sorting  
2022-11-21 23:03:44,152 :INFO : test_HolidayHomes : Clicking on Calender and From Date 
2022-11-21 23:03:45,720 :INFO : test_HolidayHomes : Printing  the Hotel Names & Per Night charges 
2022-11-22 11:55:04,947 :INFO : test_HolidayHomes : Clicking on Holiday Homes 
2022-11-22 11:55:05,202 :INFO : test_HolidayHomes : Entering City Names 
2022-11-22 11:55:05,409 :INFO : test_HolidayHomes : Collecting list of cities and selecting Options  
2022-11-22 11:55:05,639 :INFO : test_HolidayHomes : Clicking on Calender and From Date 
2022-11-22 11:55:56,388 :INFO : test_HolidayHomes : Clicking on Holiday Homes 
2022-11-22 11:55:56,516 :INFO : test_HolidayHomes : Entering City Names 
2022-11-22 11:55:56,646 :INFO : test_HolidayHomes : Collecting list of cities and selecting Options  
2022-11-22 11:55:56,838 :INFO : test_HolidayHomes : Clicking on Calender and From Date 
2022-11-22 12:06:10,371 :INFO : test_HolidayHomes : Clicking on Holiday Homes 
2022-11-22 12:06:10,484 :INFO : test_HolidayHomes : Entering City Names 
2022-11-22 12:06:10,758 :INFO : test_HolidayHomes : Collecting list of cities and selecting Options  
2022-11-22 12:06:11,002 :INFO : test_HolidayHomes : Clicking on Calender and From Date 
2022-11-22 12:06:18,271 :INFO : test_HolidayHomes : Clicking on Calender and To Date 
2022-11-22 12:06:21,250 :INFO : test_HolidayHomes : Adding Guest 
2022-11-22 12:06:23,108 :INFO : test_HolidayHomes : Applying Guest count 
2022-11-22 12:06:27,461 :INFO : test_HolidayHomes : Displaying Filter 
2022-11-22 12:06:28,034 :INFO : test_HolidayHomes : Selecting Filter 
2022-11-22 12:06:30,516 :INFO : test_HolidayHomes : Closing filter window 
2022-11-22 12:06:31,424 :INFO : test_HolidayHomes : Sorting  
2022-11-22 12:06:31,983 :INFO : test_HolidayHomes : Clicking on Calender and From Date 
2022-11-22 12:06:32,687 :INFO : test_HolidayHomes : Printing  the Hotel Names & Per Night charges 
2022-11-22 13:50:48,955 :INFO : test_HolidayHomes : Clicking on Holiday Homes 
2022-11-22 13:50:49,086 :INFO : test_HolidayHomes : Entering City Names 
2022-11-22 13:50:49,261 :INFO : test_HolidayHomes : Collecting list of cities and selecting Options  
2022-11-22 13:50:49,555 :INFO : test_HolidayHomes : Clicking on Calender and From Date 
2022-11-22 13:50:56,379 :INFO : test_HolidayHomes : Clicking on Calender and To Date 
2022-11-22 13:50:57,386 :INFO : test_HolidayHomes : Adding Guest 
2022-11-22 13:51:01,640 :INFO : test_HolidayHomes : Applying Guest count 
2022-11-22 13:51:05,823 :INFO : test_HolidayHomes : Displaying Filter 
2022-11-22 13:51:07,876 :INFO : test_HolidayHomes : Selecting Filter 
2022-11-22 13:51:10,190 :INFO : test_HolidayHomes : Closing filter window 
2022-11-22 13:51:11,197 :INFO : test_HolidayHomes : Sorting  
2022-11-22 13:51:13,021 :INFO : test_HolidayHomes : Clicking on Calender and From Date 
2022-11-22 13:51:15,222 :INFO : test_HolidayHomes : Printing  the Hotel Names & Per Night charges 
2022-11-22 14:11:49,681 :INFO : test_HolidayHomes : Clicking on Holiday Homes 
2022-11-22 14:11:49,879 :INFO : test_HolidayHomes : Entering City Names 
2022-11-22 14:11:50,036 :INFO : test_HolidayHomes : Collecting list of cities and selecting Options  
2022-11-22 14:11:50,320 :INFO : test_HolidayHomes : Clicking on Calender and From Date 
2022-11-22 14:13:42,996 :INFO : test_HolidayHomes : Clicking on Holiday Homes 
2022-11-22 14:13:43,116 :INFO : test_HolidayHomes : Entering City Names 
2022-11-22 14:13:43,290 :INFO : test_HolidayHomes : Collecting list of cities and selecting Options  
2022-11-22 14:13:43,607 :INFO : test_HolidayHomes : Clicking on Calender and From Date 
2022-11-22 14:13:52,011 :INFO : test_HolidayHomes : Clicking on Calender and To Date 
2022-11-22 14:13:56,055 :INFO : test_HolidayHomes : Adding Guest 
2022-11-22 14:13:56,668 :INFO : test_HolidayHomes : Applying Guest count 
2022-11-22 14:14:19,678 :INFO : test_HolidayHomes : Clicking on Holiday Homes 
2022-11-22 14:14:19,906 :INFO : test_HolidayHomes : Entering City Names 
2022-11-22 14:14:20,056 :INFO : test_HolidayHomes : Collecting list of cities and selecting Options  
2022-11-22 14:14:20,211 :INFO : test_HolidayHomes : Clicking on Calender and From Date 
2022-11-22 14:14:31,924 :INFO : test_HolidayHomes : Clicking on Calender and To Date 
2022-11-22 14:20:23,598 :INFO : test_HolidayHomes : Clicking on Holiday Homes 
2022-11-22 14:20:23,748 :INFO : test_HolidayHomes : Entering City Names 
2022-11-22 14:20:23,944 :INFO : test_HolidayHomes : Collecting list of cities and selecting Options  
2022-11-22 14:20:24,177 :INFO : test_HolidayHomes : Clicking on Calender and From Date 
2022-11-22 14:23:16,302 :INFO : test_HolidayHomes : Clicking on Holiday Homes 
2022-11-22 14:23:16,548 :INFO : test_HolidayHomes : Entering City Names 
2022-11-22 14:23:16,962 :INFO : test_HolidayHomes : Collecting list of cities and selecting Options  
2022-11-22 14:23:17,322 :INFO : test_HolidayHomes : Clicking on Calender and From Date 
2022-11-22 14:23:25,466 :INFO : test_HolidayHomes : Clicking on Calender and To Date 
2022-11-22 14:23:29,482 :INFO : test_HolidayHomes : Adding Guest 
2022-11-22 14:23:31,176 :INFO : test_HolidayHomes : Applying Guest count 
2022-11-22 14:23:33,229 :INFO : test_HolidayHomes : Displaying Filter 
2022-11-22 14:23:33,511 :INFO : test_HolidayHomes : Selecting Filter 
2022-11-22 14:23:34,976 :INFO : test_HolidayHomes : Closing filter window 
2022-11-22 14:23:35,695 :INFO : test_HolidayHomes : Sorting  
2022-11-22 14:23:36,420 :INFO : test_HolidayHomes : Clicking on Calender and From Date 
2022-11-22 14:23:37,200 :INFO : test_HolidayHomes : Printing  the Hotel Names & Per Night charges 
2022-11-22 14:24:08,485 :INFO : test_HolidayHomes : Clicking on Holiday Homes 
2022-11-22 14:24:08,602 :INFO : test_HolidayHomes : Entering City Names 
2022-11-22 14:24:08,874 :INFO : test_HolidayHomes : Collecting list of cities and selecting Options  
2022-11-22 14:24:09,008 :INFO : test_HolidayHomes : Clicking on Calender and From Date 
2022-11-22 14:27:37,101 :INFO : test_HolidayHomes : Clicking on Holiday Homes 
2022-11-22 14:27:37,209 :INFO : test_HolidayHomes : Entering City Names 
2022-11-22 14:27:37,323 :INFO : test_HolidayHomes : Collecting list of cities and selecting Options  
2022-11-22 14:27:37,469 :INFO : test_HolidayHomes : Clicking on Calender and From Date 
2022-11-22 14:27:45,316 :INFO : test_HolidayHomes : Clicking on Calender and To Date 
2022-11-22 14:27:49,810 :INFO : test_HolidayHomes : Adding Guest 
2022-11-22 14:27:50,148 :INFO : test_HolidayHomes : Applying Guest count 
2022-11-22 14:27:54,401 :INFO : test_HolidayHomes : Displaying Filter 
2022-11-22 14:27:55,104 :INFO : test_HolidayHomes : Selecting Filter 
2022-11-22 14:27:57,605 :INFO : test_HolidayHomes : Closing filter window 
2022-11-22 14:27:59,070 :INFO : test_HolidayHomes : Sorting  
2022-11-22 14:28:00,321 :INFO : test_HolidayHomes : Clicking on Calender and From Date 
2022-11-22 14:28:01,999 :INFO : test_HolidayHomes : Printing  the Hotel Names & Per Night charges 
2022-11-22 14:49:01,944 :INFO : test_HolidayHomes : Clicking on Holiday Homes 
2022-11-22 14:49:02,414 :INFO : test_HolidayHomes : Entering City Names 
2022-11-22 14:49:02,915 :INFO : test_HolidayHomes : Collecting list of cities and selecting Options  
2022-11-22 14:49:03,941 :INFO : test_HolidayHomes : Clicking on Calender and From Date 
2022-11-22 14:49:11,849 :INFO : test_HolidayHomes : Clicking on Calender and To Date 
2022-11-22 14:49:13,852 :INFO : test_HolidayHomes : Adding Guest 
2022-11-22 14:49:15,336 :INFO : test_HolidayHomes : Applying Guest count 
2022-11-22 14:49:15,873 :INFO : test_HolidayHomes : Displaying Filter 
2022-11-22 14:49:16,642 :INFO : test_HolidayHomes : Selecting Filter 
2022-11-22 14:49:16,973 :INFO : test_HolidayHomes : Closing filter window 
2022-11-22 14:49:17,718 :INFO : test_HolidayHomes : Sorting  
2022-11-22 14:49:18,900 :INFO : test_HolidayHomes : Clicking on Calender and From Date 
2022-11-22 14:49:19,821 :INFO : test_HolidayHomes : Printing  the Hotel Names & Per Night charges 
2022-11-22 21:06:35,250 :INFO : test_HolidayHomes : Clicking on Holiday Homes 
2022-11-22 21:06:35,460 :INFO : test_HolidayHomes : Entering City Names 
2022-11-22 21:06:35,676 :INFO : test_HolidayHomes : Collecting list of cities and selecting Options  
2022-11-22 21:06:35,907 :INFO : test_HolidayHomes : Clicking on Calender and From Date 
2022-11-22 21:07:18,188 :INFO : test_HolidayHomes : Clicking on Calender and To Date 
2022-11-22 21:07:18,750 :INFO : test_HolidayHomes : Adding Guest 
2022-11-22 21:07:20,156 :INFO : test_HolidayHomes : Applying Guest count 
2022-11-22 21:07:21,360 :INFO : test_HolidayHomes : Displaying Filter 
2022-11-22 21:07:21,903 :INFO : test_HolidayHomes : Selecting Filter 
2022-11-22 21:07:48,292 :INFO : test_HolidayHomes : Clicking on Holiday Homes 
2022-11-22 21:07:48,445 :INFO : test_HolidayHomes : Entering City Names 
2022-11-22 21:07:48,570 :INFO : test_HolidayHomes : Collecting list of cities and selecting Options  
2022-11-22 21:07:48,720 :INFO : test_HolidayHomes : Clicking on Calender and From Date 
2022-11-22 21:10:07,952 :INFO : test_HolidayHomes : Clicking on Holiday Homes 
2022-11-22 21:10:08,053 :INFO : test_HolidayHomes : Entering City Names 
2022-11-22 21:10:08,162 :INFO : test_HolidayHomes : Collecting list of cities and selecting Options  
2022-11-22 21:10:08,377 :INFO : test_HolidayHomes : Clicking on Calender and From Date 
2022-11-22 21:10:25,759 :INFO : test_HolidayHomes : Clicking on Calender and To Date 
2022-11-22 21:10:26,902 :INFO : test_HolidayHomes : Adding Guest 
2022-11-22 21:10:30,220 :INFO : test_HolidayHomes : Applying Guest count 
2022-11-22 21:10:32,620 :INFO : test_HolidayHomes : Displaying Filter 
2022-11-22 21:10:34,370 :INFO : test_HolidayHomes : Selecting Filter 
2022-11-22 21:10:37,078 :INFO : test_HolidayHomes : Closing filter window 
2022-11-22 21:10:39,268 :INFO : test_HolidayHomes : Sorting  
2022-11-22 21:10:40,368 :INFO : test_HolidayHomes : Clicking on Calender and From Date 
2022-11-22 21:10:41,703 :INFO : test_HolidayHomes : Printing  the Hotel Names & Per Night charges 
2022-11-22 21:11:35,031 :INFO : test_HolidayHomes : Clicking on Holiday Homes 
2022-11-22 21:11:35,134 :INFO : test_HolidayHomes : Entering City Names 
2022-11-22 21:11:35,296 :INFO : test_HolidayHomes : Collecting list of cities and selecting Options  
2022-11-22 21:11:35,474 :INFO : test_HolidayHomes : Clicking on Calender and From Date 
2022-11-22 21:14:50,355 :INFO : test_HolidayHomes : Clicking on Holiday Homes 
2022-11-22 21:14:50,447 :INFO : test_HolidayHomes : Entering City Names 
2022-11-22 21:14:50,670 :INFO : test_HolidayHomes : Collecting list of cities and selecting Options  
2022-11-22 21:14:50,843 :INFO : test_HolidayHomes : Clicking on Calender and From Date 
2022-11-22 21:30:33,472 :INFO : test_HolidayHomes : Clicking on Holiday Homes 
2022-11-22 21:30:33,610 :INFO : test_HolidayHomes : Entering City Names 
2022-11-22 21:30:33,766 :INFO : test_HolidayHomes : Collecting list of cities and selecting Options  
2022-11-22 21:30:33,992 :INFO : test_HolidayHomes : Clicking on Calender and From Date 
2022-11-22 21:30:48,990 :INFO : test_HolidayHomes : Clicking on Calender and To Date 
2022-11-22 21:30:49,841 :INFO : test_HolidayHomes : Adding Guest 
2022-11-22 21:30:50,294 :INFO : test_HolidayHomes : Applying Guest count 
2022-11-22 21:30:50,782 :INFO : test_HolidayHomes : Displaying Filter 
2022-11-22 21:30:51,390 :INFO : test_HolidayHomes : Selecting Filter 
2022-11-22 21:30:52,976 :INFO : test_HolidayHomes : Closing filter window 
2022-11-22 21:30:53,578 :INFO : test_HolidayHomes : Sorting  
2022-11-22 21:30:54,335 :INFO : test_HolidayHomes : Clicking on Calender and From Date 
2022-11-22 21:30:55,303 :INFO : test_HolidayHomes : Printing  the Hotel Names & Per Night charges 
2022-11-22 21:31:09,548 :INFO : test_HolidayHomes : Clicking on Holiday Homes 
2022-11-22 21:31:09,864 :INFO : test_HolidayHomes : Entering City Names 
2022-11-22 21:31:10,366 :INFO : test_HolidayHomes : Collecting list of cities and selecting Options  
2022-11-22 21:31:10,686 :INFO : test_HolidayHomes : Clicking on Calender and From Date 
2022-11-22 21:34:41,132 :INFO : test_HolidayHomes : Clicking on Holiday Homes 
2022-11-22 21:34:41,255 :INFO : test_HolidayHomes : Entering City Names 
2022-11-22 21:34:41,475 :INFO : test_HolidayHomes : Collecting list of cities and selecting Options  
2022-11-22 21:34:41,623 :INFO : test_HolidayHomes : Clicking on Calender and From Date 
2022-11-22 21:34:48,335 :INFO : test_HolidayHomes : Clicking on Calender and To Date 
2022-11-22 21:34:50,681 :INFO : test_HolidayHomes : Adding Guest 
2022-11-22 21:34:53,562 :INFO : test_HolidayHomes : Applying Guest count 
2022-11-22 21:34:57,247 :INFO : test_HolidayHomes : Displaying Filter 
2022-11-22 21:34:57,841 :INFO : test_HolidayHomes : Selecting Filter 
2022-11-22 21:35:00,207 :INFO : test_HolidayHomes : Closing filter window 
2022-11-22 21:35:01,894 :INFO : test_HolidayHomes : Sorting  
2022-11-22 21:35:03,038 :INFO : test_HolidayHomes : Clicking on Calender and From Date 
2022-11-22 21:35:04,435 :INFO : test_HolidayHomes : Printing  the Hotel Names & Per Night charges 
2022-11-22 21:35:32,721 :INFO : test_HolidayHomes : Clicking on Holiday Homes 
2022-11-22 21:35:32,914 :INFO : test_HolidayHomes : Entering City Names 
2022-11-22 21:35:33,167 :INFO : test_HolidayHomes : Collecting list of cities and selecting Options  
2022-11-22 21:35:48,925 :INFO : test_HolidayHomes : Clicking on Calender and From Date 
2022-11-22 21:35:49,784 :INFO : test_HolidayHomes : Clicking on Calender and To Date 
2022-11-22 21:35:50,693 :INFO : test_HolidayHomes : Adding Guest 
2022-11-22 21:35:53,252 :INFO : test_HolidayHomes : Applying Guest count 
2022-11-22 21:35:55,850 :INFO : test_HolidayHomes : Displaying Filter 
2022-11-22 21:35:56,393 :INFO : test_HolidayHomes : Selecting Filter 
2022-11-22 21:42:57,019 :INFO : test_HolidayHomes : Clicking on Holiday Homes 
2022-11-22 21:42:57,222 :INFO : test_HolidayHomes : Entering City Names 
2022-11-22 21:42:57,493 :INFO : test_HolidayHomes : Collecting list of cities and selecting Options  
2022-11-22 21:42:58,092 :INFO : test_HolidayHomes : Clicking on Calender and From Date 
2022-11-22 21:43:21,231 :INFO : test_HolidayHomes : Clicking on Calender and To Date 
2022-11-22 21:43:22,031 :INFO : test_HolidayHomes : Adding Guest 
2022-11-22 21:43:24,970 :INFO : test_HolidayHomes : Applying Guest count 
2022-11-22 21:43:28,484 :INFO : test_HolidayHomes : Displaying Filter 
2022-11-22 21:43:29,056 :INFO : test_HolidayHomes : Selecting Filter 
2022-11-22 21:43:31,380 :INFO : test_HolidayHomes : Closing filter window 
2022-11-22 21:43:32,677 :INFO : test_HolidayHomes : Sorting  
2022-11-22 21:43:33,774 :INFO : test_HolidayHomes : Clicking on Calender and From Date 
2022-11-22 21:43:35,251 :INFO : test_HolidayHomes : Printing  the Hotel Names & Per Night charges 
2022-11-22 21:43:50,140 :INFO : test_HolidayHomes : Clicking on Holiday Homes 
2022-11-22 21:43:50,342 :INFO : test_HolidayHomes : Entering City Names 
2022-11-22 21:43:50,659 :INFO : test_HolidayHomes : Collecting list of cities and selecting Options  
2022-11-22 21:44:02,600 :INFO : test_HolidayHomes : Clicking on Calender and From Date 
2022-11-22 21:48:11,893 :INFO : test_HolidayHomes : Clicking on Holiday Homes 
2022-11-22 21:48:12,061 :INFO : test_HolidayHomes : Entering City Names 
2022-11-22 21:48:12,281 :INFO : test_HolidayHomes : Collecting list of cities and selecting Options  
2022-11-22 21:48:12,572 :INFO : test_HolidayHomes : Clicking on Calender and From Date 
2022-11-22 21:50:18,632 :INFO : test_HolidayHomes : Clicking on Holiday Homes 
2022-11-22 21:50:18,930 :INFO : test_HolidayHomes : Entering City Names 
2022-11-22 21:50:19,315 :INFO : test_HolidayHomes : Collecting list of cities and selecting Options  
2022-11-22 21:50:19,564 :INFO : test_HolidayHomes : Clicking on Calender and From Date 
2022-11-22 21:52:21,541 :INFO : test_HolidayHomes : Clicking on Holiday Homes 
2022-11-22 21:52:21,734 :INFO : test_HolidayHomes : Entering City Names 
2022-11-22 21:52:22,028 :INFO : test_HolidayHomes : Collecting list of cities and selecting Options  
2022-11-22 21:52:22,425 :INFO : test_HolidayHomes : Clicking on Calender and From Date 
2022-11-22 22:01:12,315 :INFO : test_HolidayHomes : Clicking on Holiday Homes 
2022-11-22 22:01:12,532 :INFO : test_HolidayHomes : Entering City Names 
2022-11-22 22:01:12,852 :INFO : test_HolidayHomes : Collecting list of cities and selecting Options  
2022-11-22 22:01:13,145 :INFO : test_HolidayHomes : Clicking on Calender and From Date 
2022-11-22 22:03:36,090 :INFO : test_HolidayHomes : Clicking on Holiday Homes 
2022-11-22 22:03:36,268 :INFO : test_HolidayHomes : Entering City Names 
2022-11-22 22:03:36,595 :INFO : test_HolidayHomes : Collecting list of cities and selecting Options  
2022-11-22 22:03:36,920 :INFO : test_HolidayHomes : Clicking on Calender and From Date 
2022-11-22 22:08:23,168 :INFO : test_HolidayHomes : Clicking on Holiday Homes 
2022-11-22 22:08:23,417 :INFO : test_HolidayHomes : Entering City Names 
2022-11-22 22:08:23,712 :INFO : test_HolidayHomes : Collecting list of cities and selecting Options  
2022-11-22 22:08:41,245 :INFO : test_HolidayHomes : Clicking on Calender and From Date 
2022-11-22 22:08:42,326 :INFO : test_HolidayHomes : Clicking on Calender and To Date 
2022-11-22 22:08:42,988 :INFO : test_HolidayHomes : Adding Guest 
2022-11-22 22:08:45,596 :INFO : test_HolidayHomes : Applying Guest count 
2022-11-22 22:08:49,351 :INFO : test_HolidayHomes : Displaying Filter 
2022-11-22 22:08:49,922 :INFO : test_HolidayHomes : Selecting Filter 
2022-11-22 22:08:52,745 :INFO : test_HolidayHomes : Closing filter window 
2022-11-22 22:08:54,398 :INFO : test_HolidayHomes : Sorting  
2022-11-22 22:08:55,664 :INFO : test_HolidayHomes : Clicking on Calender and From Date 
2022-11-22 22:08:57,177 :INFO : test_HolidayHomes : Printing  the Hotel Names & Per Night charges 
2022-11-23 09:45:47,381 :INFO : test_HolidayHomes : Clicking on Holiday Homes 
2022-11-23 09:45:47,539 :INFO : test_HolidayHomes : Entering City Names 
2022-11-23 09:45:47,710 :INFO : test_HolidayHomes : Collecting list of cities and selecting Options  
2022-11-23 09:45:48,011 :INFO : test_HolidayHomes : Clicking on Calender and From Date 
2022-11-23 09:47:02,413 :INFO : test_HolidayHomes : Clicking on Holiday Homes 
2022-11-23 09:47:02,535 :INFO : test_HolidayHomes : Entering City Names 
2022-11-23 09:47:02,676 :INFO : test_HolidayHomes : Collecting list of cities and selecting Options  
2022-11-23 09:47:02,937 :INFO : test_HolidayHomes : Clicking on Calender and From Date 
2022-11-23 09:47:40,451 :INFO : test_HolidayHomes : Clicking on Holiday Homes 
2022-11-23 09:47:40,572 :INFO : test_HolidayHomes : Entering City Names 
2022-11-23 09:47:40,810 :INFO : test_HolidayHomes : Collecting list of cities and selecting Options  
2022-11-23 09:47:40,945 :INFO : test_HolidayHomes : Clicking on Calender and From Date 
2022-11-23 09:48:17,287 :INFO : test_HolidayHomes : Clicking on Holiday Homes 
2022-11-23 09:48:17,620 :INFO : test_HolidayHomes : Entering City Names 
2022-11-23 09:48:17,754 :INFO : test_HolidayHomes : Collecting list of cities and selecting Options  
2022-11-23 09:48:17,902 :INFO : test_HolidayHomes : Clicking on Calender and From Date 
2022-11-23 09:48:38,747 :INFO : test_HolidayHomes : Clicking on Holiday Homes 
2022-11-23 09:48:38,913 :INFO : test_HolidayHomes : Entering City Names 
2022-11-23 09:48:39,025 :INFO : test_HolidayHomes : Collecting list of cities and selecting Options  
2022-11-23 09:48:39,162 :INFO : test_HolidayHomes : Clicking on Calender and From Date 
2022-11-23 09:48:47,121 :INFO : test_HolidayHomes : Clicking on Calender and To Date 
2022-11-23 09:48:49,493 :INFO : test_HolidayHomes : Adding Guest 
2022-11-23 09:48:51,918 :INFO : test_HolidayHomes : Applying Guest count 
2022-11-23 09:48:55,920 :INFO : test_HolidayHomes : Displaying Filter 
2022-11-23 09:48:58,064 :INFO : test_HolidayHomes : Selecting Filter 
2022-11-23 09:48:58,651 :INFO : test_HolidayHomes : Closing filter window 
2022-11-23 09:49:01,725 :INFO : test_HolidayHomes : Sorting  
2022-11-23 09:49:02,258 :INFO : test_HolidayHomes : Clicking on Calender and From Date 
2022-11-23 09:49:02,965 :INFO : test_HolidayHomes : Printing  the Hotel Names & Per Night charges 
2022-11-23 09:49:33,279 :INFO : test_HolidayHomes : Clicking on Holiday Homes 
2022-11-23 09:49:33,402 :INFO : test_HolidayHomes : Entering City Names 
2022-11-23 09:49:33,677 :INFO : test_HolidayHomes : Collecting list of cities and selecting Options  
2022-11-23 09:49:33,903 :INFO : test_HolidayHomes : Clicking on Calender and From Date 
2022-11-23 09:49:51,003 :INFO : test_HolidayHomes : Clicking on Holiday Homes 
2022-11-23 09:49:51,190 :INFO : test_HolidayHomes : Entering City Names 
2022-11-23 09:49:51,514 :INFO : test_HolidayHomes : Collecting list of cities and selecting Options  
2022-11-23 09:49:52,079 :INFO : test_HolidayHomes : Clicking on Calender and From Date 
2022-11-23 09:49:59,320 :INFO : test_HolidayHomes : Clicking on Calender and To Date 
2022-11-23 09:50:03,813 :INFO : test_HolidayHomes : Adding Guest 
2022-11-23 09:50:05,104 :INFO : test_HolidayHomes : Applying Guest count 
2022-11-23 09:50:07,805 :INFO : test_HolidayHomes : Displaying Filter 
2022-11-23 09:50:08,127 :INFO : test_HolidayHomes : Selecting Filter 
2022-11-23 09:50:09,568 :INFO : test_HolidayHomes : Closing filter window 
2022-11-23 09:50:10,297 :INFO : test_HolidayHomes : Sorting  
2022-11-23 09:50:10,822 :INFO : test_HolidayHomes : Clicking on Calender and From Date 
2022-11-23 09:50:11,547 :INFO : test_HolidayHomes : Printing  the Hotel Names & Per Night charges 
2022-11-23 09:51:12,755 :INFO : test_HolidayHomes : Clicking on Holiday Homes 
2022-11-23 09:51:12,843 :INFO : test_HolidayHomes : Entering City Names 
2022-11-23 09:51:13,020 :INFO : test_HolidayHomes : Collecting list of cities and selecting Options  
2022-11-23 09:51:13,223 :INFO : test_HolidayHomes : Clicking on Calender and From Date 
2022-11-23 09:51:18,772 :INFO : test_HolidayHomes : Clicking on Calender and To Date 
2022-11-23 09:51:23,964 :INFO : test_HolidayHomes : Adding Guest 
2022-11-23 09:51:24,363 :INFO : test_HolidayHomes : Applying Guest count 
2022-11-23 09:51:26,921 :INFO : test_HolidayHomes : Displaying Filter 
2022-11-23 09:51:27,185 :INFO : test_HolidayHomes : Selecting Filter 
2022-11-23 09:51:28,526 :INFO : test_HolidayHomes : Closing filter window 
2022-11-23 09:51:28,756 :INFO : test_HolidayHomes : Sorting  
2022-11-23 09:51:29,525 :INFO : test_HolidayHomes : Clicking on Calender and From Date 
2022-11-23 09:51:30,226 :INFO : test_HolidayHomes : Printing  the Hotel Names & Per Night charges 
2022-11-23 10:34:14,541 :INFO : test_HolidayHomes : Clicking on Holiday Homes 
2022-11-23 10:34:14,699 :INFO : test_HolidayHomes : Entering City Names 
2022-11-23 10:34:14,821 :INFO : test_HolidayHomes : Collecting list of cities and selecting Options  
2022-11-23 10:34:15,065 :INFO : test_HolidayHomes : Clicking on Calender and From Date 
2022-11-23 10:34:43,831 :INFO : test_HolidayHomes : Clicking on Calender and To Date 
2022-11-23 10:34:44,428 :INFO : test_HolidayHomes : Adding Guest 
2022-11-23 10:34:46,014 :INFO : test_HolidayHomes : Applying Guest count 
2022-11-23 10:34:47,561 :INFO : test_HolidayHomes : Displaying Filter 
2022-11-23 10:34:47,823 :INFO : test_HolidayHomes : Selecting Filter 
2022-11-23 10:34:49,279 :INFO : test_HolidayHomes : Closing filter window 
2022-11-23 10:34:49,531 :INFO : test_HolidayHomes : Sorting  
2022-11-23 10:34:50,483 :INFO : test_HolidayHomes : Clicking on Calender and From Date 
2022-11-23 10:34:51,986 :INFO : test_HolidayHomes : Printing  the Hotel Names & Per Night charges 
2022-11-23 11:32:10,038 :INFO : test_HolidayHomes : Clicking on Holiday Homes 
2022-11-23 11:32:10,321 :INFO : test_HolidayHomes : Entering City Names 
2022-11-23 11:32:10,653 :INFO : test_HolidayHomes : Collecting list of cities and selecting Options  
2022-11-23 11:32:11,223 :INFO : test_HolidayHomes : Clicking on Calender and From Date 
2022-11-23 11:36:27,906 :INFO : test_HolidayHomes : Clicking on Holiday Homes 
2022-11-23 11:36:28,147 :INFO : test_HolidayHomes : Entering City Names 
2022-11-23 11:36:28,441 :INFO : test_HolidayHomes : Collecting list of cities and selecting Options  
2022-11-23 11:36:35,923 :INFO : test_HolidayHomes : Clicking on Calender and From Date 
2022-11-23 11:41:25,621 :INFO : test_HolidayHomes : Clicking on Holiday Homes 
2022-11-23 11:41:25,897 :INFO : test_HolidayHomes : Entering City Names 
2022-11-23 11:41:26,661 :INFO : test_HolidayHomes : Collecting list of cities and selecting Options  
2022-11-23 11:41:27,176 :INFO : test_HolidayHomes : Clicking on Calender and From Date 
2022-11-23 11:41:40,243 :INFO : test_HolidayHomes : Clicking on Calender and To Date 
2022-11-23 11:42:58,788 :INFO : test_HolidayHomes : Clicking on Holiday Homes 
2022-11-23 11:42:59,023 :INFO : test_HolidayHomes : Entering City Names 
2022-11-23 11:42:59,718 :INFO : test_HolidayHomes : Collecting list of cities and selecting Options  
2022-11-23 11:43:00,026 :INFO : test_HolidayHomes : Clicking on Calender and From Date 
2022-11-23 16:08:44,771 :INFO : test_HolidayHomes : Clicking on Holiday Homes 
2022-11-23 16:08:45,069 :INFO : test_HolidayHomes : Entering City Names 
2022-11-23 16:08:45,776 :INFO : test_HolidayHomes : Collecting list of cities and selecting Options  
2022-11-23 16:08:51,136 :INFO : test_HolidayHomes : Clicking on Calender and From Date 
